<?xml version="1.0" encoding="utf-8" standalone="no"?>
<test-results xmlns:xsi="http://www.w3.org/2001/XMLSchema-instance" xsi:noNamespaceSchemaLocation="nunit_schema_2.5.xsd" name="Pester" total="1443" errors="0" failures="0" not-run="5" inconclusive="0" ignored="0" skipped="3" invalid="0" date="2025-02-22" time="16:14:32">
  <environment clr-version="4.0.30319.42000" user-domain="BATTLESTATION" cwd="C:\Celerium\Projects\_API\Celerium.ITGlue" platform="Microsoft Windows 11 Pro|C:\WINDOWS|\Device\Harddisk0\Partition3" machine-name="BATTLESTATION" nunit-version="2.5.8.0" os-version="10.0.26100" user="David" />
  <culture-info current-culture="en-US" current-uiculture="en-US" />
  <test-suite type="TestFixture" name="Pester" executed="True" result="Ignored" success="True" time="41.3286" asserts="0" description="Pester">
    <results>
      <test-suite type="TestFixture" name="C:\Celerium\Projects\_API\Celerium.ITGlue\tests\Celerium.ITGlue.Tests.ps1" executed="True" result="Success" success="True" time="0.3909" asserts="0" description="C:\Celerium\Projects\_API\Celerium.ITGlue\tests\Celerium.ITGlue.Tests.ps1">
        <results>
          <test-suite type="TestFixture" name="Testing the [ Built ] version of [ Celerium.ITGlue ] with [ Celerium.ITGlue.Tests.ps1 ]" executed="True" result="Success" success="True" time="0.2383" asserts="0" description="Testing the [ Built ] version of [ Celerium.ITGlue ] with [ Celerium.ITGlue.Tests.ps1 ]">
            <results>
              <test-suite type="TestFixture" name="Testing the [ Built ] version of [ Celerium.ITGlue ] with [ Celerium.ITGlue.Tests.ps1 ].[ Celerium.ITGlue.psd1 ] general manifest data" executed="True" result="Success" success="True" time="0.1704" asserts="0" description="Testing the [ Built ] version of [ Celerium.ITGlue ] with [ Celerium.ITGlue.Tests.ps1 ].[ Celerium.ITGlue.psd1 ] general manifest data">
                <results>
                  <test-case description="Manifest [ RootModule ] has valid data" name="Testing the [ Built ] version of [ Celerium.ITGlue ] with [ Celerium.ITGlue.Tests.ps1 ].[ Celerium.ITGlue.psd1 ] general manifest data.Manifest [ RootModule ] has valid data" time="0.011" asserts="0" success="True" result="Success" executed="True" />
                  <test-case description="Manifest [ ModuleVersion ] has valid data" name="Testing the [ Built ] version of [ Celerium.ITGlue ] with [ Celerium.ITGlue.Tests.ps1 ].[ Celerium.ITGlue.psd1 ] general manifest data.Manifest [ ModuleVersion ] has valid data" time="0.0052" asserts="0" success="True" result="Success" executed="True" />
                  <test-case description="Manifest [ GUID ] has valid data" name="Testing the [ Built ] version of [ Celerium.ITGlue ] with [ Celerium.ITGlue.Tests.ps1 ].[ Celerium.ITGlue.psd1 ] general manifest data.Manifest [ GUID ] has valid data" time="0.0077" asserts="0" success="True" result="Success" executed="True" />
                  <test-case description="Manifest [ Author ] has valid data" name="Testing the [ Built ] version of [ Celerium.ITGlue ] with [ Celerium.ITGlue.Tests.ps1 ].[ Celerium.ITGlue.psd1 ] general manifest data.Manifest [ Author ] has valid data" time="0.0066" asserts="0" success="True" result="Success" executed="True" />
                  <test-case description="Manifest [ CompanyName ] has valid data" name="Testing the [ Built ] version of [ Celerium.ITGlue ] with [ Celerium.ITGlue.Tests.ps1 ].[ Celerium.ITGlue.psd1 ] general manifest data.Manifest [ CompanyName ] has valid data" time="0.0126" asserts="0" success="True" result="Success" executed="True" />
                  <test-case description="Manifest [ Copyright ] has valid data" name="Testing the [ Built ] version of [ Celerium.ITGlue ] with [ Celerium.ITGlue.Tests.ps1 ].[ Celerium.ITGlue.psd1 ] general manifest data.Manifest [ Copyright ] has valid data" time="0.0062" asserts="0" success="True" result="Success" executed="True" />
                  <test-case description="Manifest [ Description ] is not empty" name="Testing the [ Built ] version of [ Celerium.ITGlue ] with [ Celerium.ITGlue.Tests.ps1 ].[ Celerium.ITGlue.psd1 ] general manifest data.Manifest [ Description ] is not empty" time="0.0064" asserts="0" success="True" result="Success" executed="True" />
                  <test-case description="Manifest [ PowerShellVersion ] has valid data" name="Testing the [ Built ] version of [ Celerium.ITGlue ] with [ Celerium.ITGlue.Tests.ps1 ].[ Celerium.ITGlue.psd1 ] general manifest data.Manifest [ PowerShellVersion ] has valid data" time="0.0054" asserts="0" success="True" result="Success" executed="True" />
                  <test-case description="Manifest [ NestedModules ] has valid data" name="Testing the [ Built ] version of [ Celerium.ITGlue ] with [ Celerium.ITGlue.Tests.ps1 ].[ Celerium.ITGlue.psd1 ] general manifest data.Manifest [ NestedModules ] has valid data" time="0.008" asserts="0" success="True" result="Success" executed="True" />
                  <test-case description="Manifest [ FunctionsToExport ] has valid data" name="Testing the [ Built ] version of [ Celerium.ITGlue ] with [ Celerium.ITGlue.Tests.ps1 ].[ Celerium.ITGlue.psd1 ] general manifest data.Manifest [ FunctionsToExport ] has valid data" time="0.0159" asserts="0" success="True" result="Success" executed="True" />
                  <test-case description="Manifest [ CmdletsToExport ] is empty" name="Testing the [ Built ] version of [ Celerium.ITGlue ] with [ Celerium.ITGlue.Tests.ps1 ].[ Celerium.ITGlue.psd1 ] general manifest data.Manifest [ CmdletsToExport ] is empty" time="0.0084" asserts="0" success="True" result="Success" executed="True" />
                  <test-case description="Manifest [ VariablesToExport ] is empty" name="Testing the [ Built ] version of [ Celerium.ITGlue ] with [ Celerium.ITGlue.Tests.ps1 ].[ Celerium.ITGlue.psd1 ] general manifest data.Manifest [ VariablesToExport ] is empty" time="0.0082" asserts="0" success="True" result="Success" executed="True" />
                  <test-case description="Manifest [ AliasesToExport ] has alias" name="Testing the [ Built ] version of [ Celerium.ITGlue ] with [ Celerium.ITGlue.Tests.ps1 ].[ Celerium.ITGlue.psd1 ] general manifest data.Manifest [ AliasesToExport ] has alias" time="0.0099" asserts="0" success="True" result="Success" executed="True" />
                  <test-case description="Manifest [ Tags ] has valid data" name="Testing the [ Built ] version of [ Celerium.ITGlue ] with [ Celerium.ITGlue.Tests.ps1 ].[ Celerium.ITGlue.psd1 ] general manifest data.Manifest [ Tags ] has valid data" time="0.0063" asserts="0" success="True" result="Success" executed="True" />
                  <test-case description="Manifest [ LicenseUri ] has valid data" name="Testing the [ Built ] version of [ Celerium.ITGlue ] with [ Celerium.ITGlue.Tests.ps1 ].[ Celerium.ITGlue.psd1 ] general manifest data.Manifest [ LicenseUri ] has valid data" time="0.012" asserts="0" success="True" result="Success" executed="True" />
                  <test-case description="Manifest [ ProjectUri ] has valid data" name="Testing the [ Built ] version of [ Celerium.ITGlue ] with [ Celerium.ITGlue.Tests.ps1 ].[ Celerium.ITGlue.psd1 ] general manifest data.Manifest [ ProjectUri ] has valid data" time="0.0058" asserts="0" success="True" result="Success" executed="True" />
                  <test-case description="Manifest [ IconUri ] has valid data" name="Testing the [ Built ] version of [ Celerium.ITGlue ] with [ Celerium.ITGlue.Tests.ps1 ].[ Celerium.ITGlue.psd1 ] general manifest data.Manifest [ IconUri ] has valid data" time="0.006" asserts="0" success="True" result="Success" executed="True" />
                  <test-case description="Manifest [ ReleaseNotes ] has valid data" name="Testing the [ Built ] version of [ Celerium.ITGlue ] with [ Celerium.ITGlue.Tests.ps1 ].[ Celerium.ITGlue.psd1 ] general manifest data.Manifest [ ReleaseNotes ] has valid data" time="0.0058" asserts="0" success="True" result="Success" executed="True" />
                  <test-case description="Manifest [ HelpInfoUri ] is not empty" name="Testing the [ Built ] version of [ Celerium.ITGlue ] with [ Celerium.ITGlue.Tests.ps1 ].[ Celerium.ITGlue.psd1 ] general manifest data.Manifest [ HelpInfoUri ] is not empty" time="0.0045" asserts="0" success="True" result="Success" executed="True" />
                </results>
              </test-suite>
              <test-suite type="TestFixture" name="Testing the [ Built ] version of [ Celerium.ITGlue ] with [ Celerium.ITGlue.Tests.ps1 ].[ Celerium.ITGlue.psd1 ] module import test" executed="True" result="Success" success="True" time="0.2297" asserts="0" description="Testing the [ Built ] version of [ Celerium.ITGlue ] with [ Celerium.ITGlue.Tests.ps1 ].[ Celerium.ITGlue.psd1 ] module import test">
                <results>
                  <test-case description="Module contains only PowerShell files" name="Testing the [ Built ] version of [ Celerium.ITGlue ] with [ Celerium.ITGlue.Tests.ps1 ].[ Celerium.ITGlue.psd1 ] module import test.Module contains only PowerShell files" time="0.007" asserts="0" success="True" result="Success" executed="True" />
                  <test-case description="Module files exist" name="Testing the [ Built ] version of [ Celerium.ITGlue ] with [ Celerium.ITGlue.Tests.ps1 ].[ Celerium.ITGlue.psd1 ] module import test.Module files exist" time="0.0069" asserts="0" success="True" result="Success" executed="True" />
                  <test-case description="Should pass Test-ModuleManifest" name="Testing the [ Built ] version of [ Celerium.ITGlue ] with [ Celerium.ITGlue.Tests.ps1 ].[ Celerium.ITGlue.psd1 ] module import test.Should pass Test-ModuleManifest" time="0.0278" asserts="0" success="True" result="Success" executed="True" />
                  <test-case description="Should import successfully" name="Testing the [ Built ] version of [ Celerium.ITGlue ] with [ Celerium.ITGlue.Tests.ps1 ].[ Celerium.ITGlue.psd1 ] module import test.Should import successfully" time="0.0082" asserts="0" success="True" result="Success" executed="True" />
                </results>
              </test-suite>
            </results>
          </test-suite>
        </results>
      </test-suite>
      <test-suite type="TestFixture" name="C:\Celerium\Projects\_API\Celerium.ITGlue\tests\HelpComment.Tests.ps1" executed="True" result="Ignored" success="True" time="23.8488" asserts="0" description="C:\Celerium\Projects\_API\Celerium.ITGlue\tests\HelpComment.Tests.ps1">
        <results>
          <test-suite type="TestFixture" name="Testing the [ Built ] version of [ Celerium.ITGlue ] with [ HelpComment.Tests.ps1 ]" executed="True" result="Ignored" success="True" time="10.4137" asserts="0" description="Testing the [ Built ] version of [ Celerium.ITGlue ] with [ HelpComment.Tests.ps1 ]">
            <results>
              <test-suite type="TestFixture" name="Testing the [ Built ] version of [ Celerium.ITGlue ] with [ HelpComment.Tests.ps1 ].[ Celerium.ITGlue ] module help tests" executed="True" result="Success" success="True" time="0.1462" asserts="0" description="Testing the [ Built ] version of [ Celerium.ITGlue ] with [ HelpComment.Tests.ps1 ].[ Celerium.ITGlue ] module help tests">
                <results>
                  <test-suite type="TestFixture" name="Testing the [ Built ] version of [ Celerium.ITGlue ] with [ HelpComment.Tests.ps1 ].[ Celerium.ITGlue ] module help tests.[ Add-ITGlueAPIKey ]" executed="True" result="Success" success="True" time="0.1371" asserts="0" description="Testing the [ Built ] version of [ Celerium.ITGlue ] with [ HelpComment.Tests.ps1 ].[ Celerium.ITGlue ] module help tests.[ Add-ITGlueAPIKey ]">
                    <results>
                      <test-case description="[ Add-ITGlueAPIKey ] contains comment based help" name="Testing the [ Built ] version of [ Celerium.ITGlue ] with [ HelpComment.Tests.ps1 ].[ Celerium.ITGlue ] module help tests.[ Add-ITGlueAPIKey ].[ Add-ITGlueAPIKey ] contains comment based help" time="0.0072" asserts="0" success="True" result="Success" executed="True" />
                      <test-case description="[ Add-ITGlueAPIKey ] contains a synopsis" name="Testing the [ Built ] version of [ Celerium.ITGlue ] with [ HelpComment.Tests.ps1 ].[ Celerium.ITGlue ] module help tests.[ Add-ITGlueAPIKey ].[ Add-ITGlueAPIKey ] contains a synopsis" time="0.0196" asserts="0" success="True" result="Success" executed="True" />
                      <test-case description="[ Add-ITGlueAPIKey ] contains a description" name="Testing the [ Built ] version of [ Celerium.ITGlue ] with [ HelpComment.Tests.ps1 ].[ Celerium.ITGlue ] module help tests.[ Add-ITGlueAPIKey ].[ Add-ITGlueAPIKey ] contains a description" time="0.0048" asserts="0" success="True" result="Success" executed="True" />
                      <test-case description="[ Add-ITGlueAPIKey ] contains at least one usage example" name="Testing the [ Built ] version of [ Celerium.ITGlue ] with [ HelpComment.Tests.ps1 ].[ Celerium.ITGlue ] module help tests.[ Add-ITGlueAPIKey ].[ Add-ITGlueAPIKey ] contains at least one usage example" time="0.0091" asserts="0" success="True" result="Success" executed="True" />
                      <test-case description="[ Add-ITGlueAPIKey ] contains a note" name="Testing the [ Built ] version of [ Celerium.ITGlue ] with [ HelpComment.Tests.ps1 ].[ Celerium.ITGlue ] module help tests.[ Add-ITGlueAPIKey ].[ Add-ITGlueAPIKey ] contains a note" time="0.0048" asserts="0" success="True" result="Success" executed="True" />
                      <test-case description="[ Add-ITGlueAPIKey ] contains a link" name="Testing the [ Built ] version of [ Celerium.ITGlue ] with [ HelpComment.Tests.ps1 ].[ Celerium.ITGlue ] module help tests.[ Add-ITGlueAPIKey ].[ Add-ITGlueAPIKey ] contains a link" time="0.0049" asserts="0" success="True" result="Success" executed="True" />
                      <test-suite type="ParameterizedTest" name="Testing the [ Built ] version of [ Celerium.ITGlue ] with [ HelpComment.Tests.ps1 ].[ Celerium.ITGlue ] module help tests.[ Add-ITGlueAPIKey ].[ Add-ITGlueAPIKey ] - Parameter has a description - [ &lt;_.name&gt; ]" executed="True" result="Success" success="True" time="0.0301" asserts="0" description="[ Add-ITGlueAPIKey ] - Parameter has a description - [ &lt;_.name&gt; ]">
                        <results>
                          <test-case description="[ Add-ITGlueAPIKey ] - Parameter has a description - [ ApiKey ]" name="Testing the [ Built ] version of [ Celerium.ITGlue ] with [ HelpComment.Tests.ps1 ].[ Celerium.ITGlue ] module help tests.[ Add-ITGlueAPIKey ].[ Add-ITGlueAPIKey ] - Parameter has a description - [ ApiKey ]" time="0.0053" asserts="0" success="True" result="Success" executed="True" />
                          <test-case description="[ Add-ITGlueAPIKey ] - Parameter has a description - [ ApiKeySecureString ]" name="Testing the [ Built ] version of [ Celerium.ITGlue ] with [ HelpComment.Tests.ps1 ].[ Celerium.ITGlue ] module help tests.[ Add-ITGlueAPIKey ].[ Add-ITGlueAPIKey ] - Parameter has a description - [ ApiKeySecureString ]" time="0.0049" asserts="0" success="True" result="Success" executed="True" />
                          <test-case description="[ Add-ITGlueAPIKey ] - Parameter has a description - [ EncryptedStandardAPIKey ]" name="Testing the [ Built ] version of [ Celerium.ITGlue ] with [ HelpComment.Tests.ps1 ].[ Celerium.ITGlue ] module help tests.[ Add-ITGlueAPIKey ].[ Add-ITGlueAPIKey ] - Parameter has a description - [ EncryptedStandardAPIKey ]" time="0.0051" asserts="0" success="True" result="Success" executed="True" />
                          <test-case description="[ Add-ITGlueAPIKey ] - Parameter has a description - [ EncryptedStandardAESKey ]" name="Testing the [ Built ] version of [ Celerium.ITGlue ] with [ HelpComment.Tests.ps1 ].[ Celerium.ITGlue ] module help tests.[ Add-ITGlueAPIKey ].[ Add-ITGlueAPIKey ] - Parameter has a description - [ EncryptedStandardAESKey ]" time="0.0051" asserts="0" success="True" result="Success" executed="True" />
                          <test-case description="[ Add-ITGlueAPIKey ] - Parameter has a description - [ EncryptedStandardAPIKeyPath ]" name="Testing the [ Built ] version of [ Celerium.ITGlue ] with [ HelpComment.Tests.ps1 ].[ Celerium.ITGlue ] module help tests.[ Add-ITGlueAPIKey ].[ Add-ITGlueAPIKey ] - Parameter has a description - [ EncryptedStandardAPIKeyPath ]" time="0.0049" asserts="0" success="True" result="Success" executed="True" />
                          <test-case description="[ Add-ITGlueAPIKey ] - Parameter has a description - [ EncryptedStandardAESKeyPath ]" name="Testing the [ Built ] version of [ Celerium.ITGlue ] with [ HelpComment.Tests.ps1 ].[ Celerium.ITGlue ] module help tests.[ Add-ITGlueAPIKey ].[ Add-ITGlueAPIKey ] - Parameter has a description - [ EncryptedStandardAESKeyPath ]" time="0.0049" asserts="0" success="True" result="Success" executed="True" />
                        </results>
                      </test-suite>
                      <test-suite type="ParameterizedTest" name="Testing the [ Built ] version of [ Celerium.ITGlue ] with [ HelpComment.Tests.ps1 ].[ Celerium.ITGlue ] module help tests.[ Add-ITGlueAPIKey ].[ Add-ITGlueAPIKey ] - Example has example code &amp; description   - [ &lt;_.title -replace '-'.''&gt; ]" executed="True" result="Success" success="True" time="0.0421" asserts="0" description="[ Add-ITGlueAPIKey ] - Example has example code &amp; description   - [ &lt;_.title -replace '-'.''&gt; ]">
                        <results>
                          <test-case description="[ Add-ITGlueAPIKey ] - Example has example code &amp; description   - [  EXAMPLE 1  ]" name="Testing the [ Built ] version of [ Celerium.ITGlue ] with [ HelpComment.Tests.ps1 ].[ Celerium.ITGlue ] module help tests.[ Add-ITGlueAPIKey ].[ Add-ITGlueAPIKey ] - Example has example code &amp; description   - [  EXAMPLE 1  ]" time="0.0083" asserts="0" success="True" result="Success" executed="True" />
                          <test-case description="[ Add-ITGlueAPIKey ] - Example has example code &amp; description   - [  EXAMPLE 2  ]" name="Testing the [ Built ] version of [ Celerium.ITGlue ] with [ HelpComment.Tests.ps1 ].[ Celerium.ITGlue ] module help tests.[ Add-ITGlueAPIKey ].[ Add-ITGlueAPIKey ] - Example has example code &amp; description   - [  EXAMPLE 2  ]" time="0.0086" asserts="0" success="True" result="Success" executed="True" />
                          <test-case description="[ Add-ITGlueAPIKey ] - Example has example code &amp; description   - [  EXAMPLE 3  ]" name="Testing the [ Built ] version of [ Celerium.ITGlue ] with [ HelpComment.Tests.ps1 ].[ Celerium.ITGlue ] module help tests.[ Add-ITGlueAPIKey ].[ Add-ITGlueAPIKey ] - Example has example code &amp; description   - [  EXAMPLE 3  ]" time="0.0096" asserts="0" success="True" result="Success" executed="True" />
                          <test-case description="[ Add-ITGlueAPIKey ] - Example has example code &amp; description   - [  EXAMPLE 4  ]" name="Testing the [ Built ] version of [ Celerium.ITGlue ] with [ HelpComment.Tests.ps1 ].[ Celerium.ITGlue ] module help tests.[ Add-ITGlueAPIKey ].[ Add-ITGlueAPIKey ] - Example has example code &amp; description   - [  EXAMPLE 4  ]" time="0.0082" asserts="0" success="True" result="Success" executed="True" />
                          <test-case description="[ Add-ITGlueAPIKey ] - Example has example code &amp; description   - [  EXAMPLE 5  ]" name="Testing the [ Built ] version of [ Celerium.ITGlue ] with [ HelpComment.Tests.ps1 ].[ Celerium.ITGlue ] module help tests.[ Add-ITGlueAPIKey ].[ Add-ITGlueAPIKey ] - Example has example code &amp; description   - [  EXAMPLE 5  ]" time="0.0073" asserts="0" success="True" result="Success" executed="True" />
                        </results>
                      </test-suite>
                    </results>
                  </test-suite>
                </results>
              </test-suite>
              <test-suite type="TestFixture" name="Testing the [ Built ] version of [ Celerium.ITGlue ] with [ HelpComment.Tests.ps1 ].[ Celerium.ITGlue ] module help tests" executed="True" result="Success" success="True" time="0.2489" asserts="0" description="Testing the [ Built ] version of [ Celerium.ITGlue ] with [ HelpComment.Tests.ps1 ].[ Celerium.ITGlue ] module help tests">
                <results>
                  <test-suite type="TestFixture" name="Testing the [ Built ] version of [ Celerium.ITGlue ] with [ HelpComment.Tests.ps1 ].[ Celerium.ITGlue ] module help tests.[ Add-ITGlueBaseURI ]" executed="True" result="Success" success="True" time="0.0946" asserts="0" description="Testing the [ Built ] version of [ Celerium.ITGlue ] with [ HelpComment.Tests.ps1 ].[ Celerium.ITGlue ] module help tests.[ Add-ITGlueBaseURI ]">
                    <results>
                      <test-case description="[ Add-ITGlueBaseURI ] contains comment based help" name="Testing the [ Built ] version of [ Celerium.ITGlue ] with [ HelpComment.Tests.ps1 ].[ Celerium.ITGlue ] module help tests.[ Add-ITGlueBaseURI ].[ Add-ITGlueBaseURI ] contains comment based help" time="0.0059" asserts="0" success="True" result="Success" executed="True" />
                      <test-case description="[ Add-ITGlueBaseURI ] contains a synopsis" name="Testing the [ Built ] version of [ Celerium.ITGlue ] with [ HelpComment.Tests.ps1 ].[ Celerium.ITGlue ] module help tests.[ Add-ITGlueBaseURI ].[ Add-ITGlueBaseURI ] contains a synopsis" time="0.0052" asserts="0" success="True" result="Success" executed="True" />
                      <test-case description="[ Add-ITGlueBaseURI ] contains a description" name="Testing the [ Built ] version of [ Celerium.ITGlue ] with [ HelpComment.Tests.ps1 ].[ Celerium.ITGlue ] module help tests.[ Add-ITGlueBaseURI ].[ Add-ITGlueBaseURI ] contains a description" time="0.0051" asserts="0" success="True" result="Success" executed="True" />
                      <test-case description="[ Add-ITGlueBaseURI ] contains at least one usage example" name="Testing the [ Built ] version of [ Celerium.ITGlue ] with [ HelpComment.Tests.ps1 ].[ Celerium.ITGlue ] module help tests.[ Add-ITGlueBaseURI ].[ Add-ITGlueBaseURI ] contains at least one usage example" time="0.0085" asserts="0" success="True" result="Success" executed="True" />
                      <test-case description="[ Add-ITGlueBaseURI ] contains a note" name="Testing the [ Built ] version of [ Celerium.ITGlue ] with [ HelpComment.Tests.ps1 ].[ Celerium.ITGlue ] module help tests.[ Add-ITGlueBaseURI ].[ Add-ITGlueBaseURI ] contains a note" time="0.0055" asserts="0" success="True" result="Success" executed="True" />
                      <test-case description="[ Add-ITGlueBaseURI ] contains a link" name="Testing the [ Built ] version of [ Celerium.ITGlue ] with [ HelpComment.Tests.ps1 ].[ Celerium.ITGlue ] module help tests.[ Add-ITGlueBaseURI ].[ Add-ITGlueBaseURI ] contains a link" time="0.0051" asserts="0" success="True" result="Success" executed="True" />
                      <test-suite type="ParameterizedTest" name="Testing the [ Built ] version of [ Celerium.ITGlue ] with [ HelpComment.Tests.ps1 ].[ Celerium.ITGlue ] module help tests.[ Add-ITGlueBaseURI ].[ Add-ITGlueBaseURI ] - Parameter has a description - [ &lt;_.name&gt; ]" executed="True" result="Success" success="True" time="0.0116" asserts="0" description="[ Add-ITGlueBaseURI ] - Parameter has a description - [ &lt;_.name&gt; ]">
                        <results>
                          <test-case description="[ Add-ITGlueBaseURI ] - Parameter has a description - [ BaseUri ]" name="Testing the [ Built ] version of [ Celerium.ITGlue ] with [ HelpComment.Tests.ps1 ].[ Celerium.ITGlue ] module help tests.[ Add-ITGlueBaseURI ].[ Add-ITGlueBaseURI ] - Parameter has a description - [ BaseUri ]" time="0.0061" asserts="0" success="True" result="Success" executed="True" />
                          <test-case description="[ Add-ITGlueBaseURI ] - Parameter has a description - [ DataCenter ]" name="Testing the [ Built ] version of [ Celerium.ITGlue ] with [ HelpComment.Tests.ps1 ].[ Celerium.ITGlue ] module help tests.[ Add-ITGlueBaseURI ].[ Add-ITGlueBaseURI ] - Parameter has a description - [ DataCenter ]" time="0.0055" asserts="0" success="True" result="Success" executed="True" />
                        </results>
                      </test-suite>
                      <test-suite type="ParameterizedTest" name="Testing the [ Built ] version of [ Celerium.ITGlue ] with [ HelpComment.Tests.ps1 ].[ Celerium.ITGlue ] module help tests.[ Add-ITGlueBaseURI ].[ Add-ITGlueBaseURI ] - Example has example code &amp; description   - [ &lt;_.title -replace '-'.''&gt; ]" executed="True" result="Success" success="True" time="0.036" asserts="0" description="[ Add-ITGlueBaseURI ] - Example has example code &amp; description   - [ &lt;_.title -replace '-'.''&gt; ]">
                        <results>
                          <test-case description="[ Add-ITGlueBaseURI ] - Example has example code &amp; description   - [  EXAMPLE 1  ]" name="Testing the [ Built ] version of [ Celerium.ITGlue ] with [ HelpComment.Tests.ps1 ].[ Celerium.ITGlue ] module help tests.[ Add-ITGlueBaseURI ].[ Add-ITGlueBaseURI ] - Example has example code &amp; description   - [  EXAMPLE 1  ]" time="0.0075" asserts="0" success="True" result="Success" executed="True" />
                          <test-case description="[ Add-ITGlueBaseURI ] - Example has example code &amp; description   - [  EXAMPLE 2  ]" name="Testing the [ Built ] version of [ Celerium.ITGlue ] with [ HelpComment.Tests.ps1 ].[ Celerium.ITGlue ] module help tests.[ Add-ITGlueBaseURI ].[ Add-ITGlueBaseURI ] - Example has example code &amp; description   - [  EXAMPLE 2  ]" time="0.0072" asserts="0" success="True" result="Success" executed="True" />
                          <test-case description="[ Add-ITGlueBaseURI ] - Example has example code &amp; description   - [  EXAMPLE 3  ]" name="Testing the [ Built ] version of [ Celerium.ITGlue ] with [ HelpComment.Tests.ps1 ].[ Celerium.ITGlue ] module help tests.[ Add-ITGlueBaseURI ].[ Add-ITGlueBaseURI ] - Example has example code &amp; description   - [  EXAMPLE 3  ]" time="0.007" asserts="0" success="True" result="Success" executed="True" />
                          <test-case description="[ Add-ITGlueBaseURI ] - Example has example code &amp; description   - [  EXAMPLE 4  ]" name="Testing the [ Built ] version of [ Celerium.ITGlue ] with [ HelpComment.Tests.ps1 ].[ Celerium.ITGlue ] module help tests.[ Add-ITGlueBaseURI ].[ Add-ITGlueBaseURI ] - Example has example code &amp; description   - [  EXAMPLE 4  ]" time="0.0142" asserts="0" success="True" result="Success" executed="True" />
                        </results>
                      </test-suite>
                    </results>
                  </test-suite>
                </results>
              </test-suite>
              <test-suite type="TestFixture" name="Testing the [ Built ] version of [ Celerium.ITGlue ] with [ HelpComment.Tests.ps1 ].[ Celerium.ITGlue ] module help tests" executed="True" result="Success" success="True" time="0.3253" asserts="0" description="Testing the [ Built ] version of [ Celerium.ITGlue ] with [ HelpComment.Tests.ps1 ].[ Celerium.ITGlue ] module help tests">
                <results>
                  <test-suite type="TestFixture" name="Testing the [ Built ] version of [ Celerium.ITGlue ] with [ HelpComment.Tests.ps1 ].[ Celerium.ITGlue ] module help tests.[ ConvertTo-ITGlueQueryString ]" executed="True" result="Success" success="True" time="0.0679" asserts="0" description="Testing the [ Built ] version of [ Celerium.ITGlue ] with [ HelpComment.Tests.ps1 ].[ Celerium.ITGlue ] module help tests.[ ConvertTo-ITGlueQueryString ]">
                    <results>
                      <test-case description="[ ConvertTo-ITGlueQueryString ] contains comment based help" name="Testing the [ Built ] version of [ Celerium.ITGlue ] with [ HelpComment.Tests.ps1 ].[ Celerium.ITGlue ] module help tests.[ ConvertTo-ITGlueQueryString ].[ ConvertTo-ITGlueQueryString ] contains comment based help" time="0.0058" asserts="0" success="True" result="Success" executed="True" />
                      <test-case description="[ ConvertTo-ITGlueQueryString ] contains a synopsis" name="Testing the [ Built ] version of [ Celerium.ITGlue ] with [ HelpComment.Tests.ps1 ].[ Celerium.ITGlue ] module help tests.[ ConvertTo-ITGlueQueryString ].[ ConvertTo-ITGlueQueryString ] contains a synopsis" time="0.0048" asserts="0" success="True" result="Success" executed="True" />
                      <test-case description="[ ConvertTo-ITGlueQueryString ] contains a description" name="Testing the [ Built ] version of [ Celerium.ITGlue ] with [ HelpComment.Tests.ps1 ].[ Celerium.ITGlue ] module help tests.[ ConvertTo-ITGlueQueryString ].[ ConvertTo-ITGlueQueryString ] contains a description" time="0.0109" asserts="0" success="True" result="Success" executed="True" />
                      <test-case description="[ ConvertTo-ITGlueQueryString ] contains at least one usage example" name="Testing the [ Built ] version of [ Celerium.ITGlue ] with [ HelpComment.Tests.ps1 ].[ Celerium.ITGlue ] module help tests.[ ConvertTo-ITGlueQueryString ].[ ConvertTo-ITGlueQueryString ] contains at least one usage example" time="0.0065" asserts="0" success="True" result="Success" executed="True" />
                      <test-case description="[ ConvertTo-ITGlueQueryString ] contains a note" name="Testing the [ Built ] version of [ Celerium.ITGlue ] with [ HelpComment.Tests.ps1 ].[ Celerium.ITGlue ] module help tests.[ ConvertTo-ITGlueQueryString ].[ ConvertTo-ITGlueQueryString ] contains a note" time="0.0047" asserts="0" success="True" result="Success" executed="True" />
                      <test-case description="[ ConvertTo-ITGlueQueryString ] contains a link" name="Testing the [ Built ] version of [ Celerium.ITGlue ] with [ HelpComment.Tests.ps1 ].[ Celerium.ITGlue ] module help tests.[ ConvertTo-ITGlueQueryString ].[ ConvertTo-ITGlueQueryString ] contains a link" time="0.0054" asserts="0" success="True" result="Success" executed="True" />
                      <test-suite type="ParameterizedTest" name="Testing the [ Built ] version of [ Celerium.ITGlue ] with [ HelpComment.Tests.ps1 ].[ Celerium.ITGlue ] module help tests.[ ConvertTo-ITGlueQueryString ].[ ConvertTo-ITGlueQueryString ] - Parameter has a description - [ &lt;_.name&gt; ]" executed="True" result="Success" success="True" time="0.0053" asserts="0" description="[ ConvertTo-ITGlueQueryString ] - Parameter has a description - [ &lt;_.name&gt; ]">
                        <results>
                          <test-case description="[ ConvertTo-ITGlueQueryString ] - Parameter has a description - [ QueryParams ]" name="Testing the [ Built ] version of [ Celerium.ITGlue ] with [ HelpComment.Tests.ps1 ].[ Celerium.ITGlue ] module help tests.[ ConvertTo-ITGlueQueryString ].[ ConvertTo-ITGlueQueryString ] - Parameter has a description - [ QueryParams ]" time="0.0053" asserts="0" success="True" result="Success" executed="True" />
                        </results>
                      </test-suite>
                      <test-suite type="ParameterizedTest" name="Testing the [ Built ] version of [ Celerium.ITGlue ] with [ HelpComment.Tests.ps1 ].[ Celerium.ITGlue ] module help tests.[ ConvertTo-ITGlueQueryString ].[ ConvertTo-ITGlueQueryString ] - Example has example code &amp; description   - [ &lt;_.title -replace '-'.''&gt; ]" executed="True" result="Success" success="True" time="0.0138" asserts="0" description="[ ConvertTo-ITGlueQueryString ] - Example has example code &amp; description   - [ &lt;_.title -replace '-'.''&gt; ]">
                        <results>
                          <test-case description="[ ConvertTo-ITGlueQueryString ] - Example has example code &amp; description   - [  EXAMPLE 1  ]" name="Testing the [ Built ] version of [ Celerium.ITGlue ] with [ HelpComment.Tests.ps1 ].[ Celerium.ITGlue ] module help tests.[ ConvertTo-ITGlueQueryString ].[ ConvertTo-ITGlueQueryString ] - Example has example code &amp; description   - [  EXAMPLE 1  ]" time="0.0138" asserts="0" success="True" result="Success" executed="True" />
                        </results>
                      </test-suite>
                    </results>
                  </test-suite>
                </results>
              </test-suite>
              <test-suite type="TestFixture" name="Testing the [ Built ] version of [ Celerium.ITGlue ] with [ HelpComment.Tests.ps1 ].[ Celerium.ITGlue ] module help tests" executed="True" result="Success" success="True" time="0.4119" asserts="0" description="Testing the [ Built ] version of [ Celerium.ITGlue ] with [ HelpComment.Tests.ps1 ].[ Celerium.ITGlue ] module help tests">
                <results>
                  <test-suite type="TestFixture" name="Testing the [ Built ] version of [ Celerium.ITGlue ] with [ HelpComment.Tests.ps1 ].[ Celerium.ITGlue ] module help tests.[ Export-ITGlueModuleSetting ]" executed="True" result="Success" success="True" time="0.0776" asserts="0" description="Testing the [ Built ] version of [ Celerium.ITGlue ] with [ HelpComment.Tests.ps1 ].[ Celerium.ITGlue ] module help tests.[ Export-ITGlueModuleSetting ]">
                    <results>
                      <test-case description="[ Export-ITGlueModuleSetting ] contains comment based help" name="Testing the [ Built ] version of [ Celerium.ITGlue ] with [ HelpComment.Tests.ps1 ].[ Celerium.ITGlue ] module help tests.[ Export-ITGlueModuleSetting ].[ Export-ITGlueModuleSetting ] contains comment based help" time="0.0052" asserts="0" success="True" result="Success" executed="True" />
                      <test-case description="[ Export-ITGlueModuleSetting ] contains a synopsis" name="Testing the [ Built ] version of [ Celerium.ITGlue ] with [ HelpComment.Tests.ps1 ].[ Celerium.ITGlue ] module help tests.[ Export-ITGlueModuleSetting ].[ Export-ITGlueModuleSetting ] contains a synopsis" time="0.0051" asserts="0" success="True" result="Success" executed="True" />
                      <test-case description="[ Export-ITGlueModuleSetting ] contains a description" name="Testing the [ Built ] version of [ Celerium.ITGlue ] with [ HelpComment.Tests.ps1 ].[ Celerium.ITGlue ] module help tests.[ Export-ITGlueModuleSetting ].[ Export-ITGlueModuleSetting ] contains a description" time="0.0103" asserts="0" success="True" result="Success" executed="True" />
                      <test-case description="[ Export-ITGlueModuleSetting ] contains at least one usage example" name="Testing the [ Built ] version of [ Celerium.ITGlue ] with [ HelpComment.Tests.ps1 ].[ Celerium.ITGlue ] module help tests.[ Export-ITGlueModuleSetting ].[ Export-ITGlueModuleSetting ] contains at least one usage example" time="0.0069" asserts="0" success="True" result="Success" executed="True" />
                      <test-case description="[ Export-ITGlueModuleSetting ] contains a note" name="Testing the [ Built ] version of [ Celerium.ITGlue ] with [ HelpComment.Tests.ps1 ].[ Celerium.ITGlue ] module help tests.[ Export-ITGlueModuleSetting ].[ Export-ITGlueModuleSetting ] contains a note" time="0.0049" asserts="0" success="True" result="Success" executed="True" />
                      <test-case description="[ Export-ITGlueModuleSetting ] contains a link" name="Testing the [ Built ] version of [ Celerium.ITGlue ] with [ HelpComment.Tests.ps1 ].[ Celerium.ITGlue ] module help tests.[ Export-ITGlueModuleSetting ].[ Export-ITGlueModuleSetting ] contains a link" time="0.0048" asserts="0" success="True" result="Success" executed="True" />
                      <test-suite type="ParameterizedTest" name="Testing the [ Built ] version of [ Celerium.ITGlue ] with [ HelpComment.Tests.ps1 ].[ Celerium.ITGlue ] module help tests.[ Export-ITGlueModuleSetting ].[ Export-ITGlueModuleSetting ] - Parameter has a description - [ &lt;_.name&gt; ]" executed="True" result="Success" success="True" time="0.0169" asserts="0" description="[ Export-ITGlueModuleSetting ] - Parameter has a description - [ &lt;_.name&gt; ]">
                        <results>
                          <test-case description="[ Export-ITGlueModuleSetting ] - Parameter has a description - [ ITGlueConfigPath ]" name="Testing the [ Built ] version of [ Celerium.ITGlue ] with [ HelpComment.Tests.ps1 ].[ Celerium.ITGlue ] module help tests.[ Export-ITGlueModuleSetting ].[ Export-ITGlueModuleSetting ] - Parameter has a description - [ ITGlueConfigPath ]" time="0.0058" asserts="0" success="True" result="Success" executed="True" />
                          <test-case description="[ Export-ITGlueModuleSetting ] - Parameter has a description - [ ITGlueConfigFile ]" name="Testing the [ Built ] version of [ Celerium.ITGlue ] with [ HelpComment.Tests.ps1 ].[ Celerium.ITGlue ] module help tests.[ Export-ITGlueModuleSetting ].[ Export-ITGlueModuleSetting ] - Parameter has a description - [ ITGlueConfigFile ]" time="0.0111" asserts="0" success="True" result="Success" executed="True" />
                        </results>
                      </test-suite>
                      <test-suite type="ParameterizedTest" name="Testing the [ Built ] version of [ Celerium.ITGlue ] with [ HelpComment.Tests.ps1 ].[ Celerium.ITGlue ] module help tests.[ Export-ITGlueModuleSetting ].[ Export-ITGlueModuleSetting ] - Example has example code &amp; description   - [ &lt;_.title -replace '-'.''&gt; ]" executed="True" result="Success" success="True" time="0.0128" asserts="0" description="[ Export-ITGlueModuleSetting ] - Example has example code &amp; description   - [ &lt;_.title -replace '-'.''&gt; ]">
                        <results>
                          <test-case description="[ Export-ITGlueModuleSetting ] - Example has example code &amp; description   - [  EXAMPLE 1  ]" name="Testing the [ Built ] version of [ Celerium.ITGlue ] with [ HelpComment.Tests.ps1 ].[ Celerium.ITGlue ] module help tests.[ Export-ITGlueModuleSetting ].[ Export-ITGlueModuleSetting ] - Example has example code &amp; description   - [  EXAMPLE 1  ]" time="0.0065" asserts="0" success="True" result="Success" executed="True" />
                          <test-case description="[ Export-ITGlueModuleSetting ] - Example has example code &amp; description   - [  EXAMPLE 2  ]" name="Testing the [ Built ] version of [ Celerium.ITGlue ] with [ HelpComment.Tests.ps1 ].[ Celerium.ITGlue ] module help tests.[ Export-ITGlueModuleSetting ].[ Export-ITGlueModuleSetting ] - Example has example code &amp; description   - [  EXAMPLE 2  ]" time="0.0063" asserts="0" success="True" result="Success" executed="True" />
                        </results>
                      </test-suite>
                    </results>
                  </test-suite>
                </results>
              </test-suite>
              <test-suite type="TestFixture" name="Testing the [ Built ] version of [ Celerium.ITGlue ] with [ HelpComment.Tests.ps1 ].[ Celerium.ITGlue ] module help tests" executed="True" result="Success" success="True" time="0.495" asserts="0" description="Testing the [ Built ] version of [ Celerium.ITGlue ] with [ HelpComment.Tests.ps1 ].[ Celerium.ITGlue ] module help tests">
                <results>
                  <test-suite type="TestFixture" name="Testing the [ Built ] version of [ Celerium.ITGlue ] with [ HelpComment.Tests.ps1 ].[ Celerium.ITGlue ] module help tests.[ Get-ITGlueAPIKey ]" executed="True" result="Success" success="True" time="0.0695" asserts="0" description="Testing the [ Built ] version of [ Celerium.ITGlue ] with [ HelpComment.Tests.ps1 ].[ Celerium.ITGlue ] module help tests.[ Get-ITGlueAPIKey ]">
                    <results>
                      <test-case description="[ Get-ITGlueAPIKey ] contains comment based help" name="Testing the [ Built ] version of [ Celerium.ITGlue ] with [ HelpComment.Tests.ps1 ].[ Celerium.ITGlue ] module help tests.[ Get-ITGlueAPIKey ].[ Get-ITGlueAPIKey ] contains comment based help" time="0.0057" asserts="0" success="True" result="Success" executed="True" />
                      <test-case description="[ Get-ITGlueAPIKey ] contains a synopsis" name="Testing the [ Built ] version of [ Celerium.ITGlue ] with [ HelpComment.Tests.ps1 ].[ Celerium.ITGlue ] module help tests.[ Get-ITGlueAPIKey ].[ Get-ITGlueAPIKey ] contains a synopsis" time="0.0046" asserts="0" success="True" result="Success" executed="True" />
                      <test-case description="[ Get-ITGlueAPIKey ] contains a description" name="Testing the [ Built ] version of [ Celerium.ITGlue ] with [ HelpComment.Tests.ps1 ].[ Celerium.ITGlue ] module help tests.[ Get-ITGlueAPIKey ].[ Get-ITGlueAPIKey ] contains a description" time="0.0046" asserts="0" success="True" result="Success" executed="True" />
                      <test-case description="[ Get-ITGlueAPIKey ] contains at least one usage example" name="Testing the [ Built ] version of [ Celerium.ITGlue ] with [ HelpComment.Tests.ps1 ].[ Celerium.ITGlue ] module help tests.[ Get-ITGlueAPIKey ].[ Get-ITGlueAPIKey ] contains at least one usage example" time="0.0067" asserts="0" success="True" result="Success" executed="True" />
                      <test-case description="[ Get-ITGlueAPIKey ] contains a note" name="Testing the [ Built ] version of [ Celerium.ITGlue ] with [ HelpComment.Tests.ps1 ].[ Celerium.ITGlue ] module help tests.[ Get-ITGlueAPIKey ].[ Get-ITGlueAPIKey ] contains a note" time="0.0046" asserts="0" success="True" result="Success" executed="True" />
                      <test-case description="[ Get-ITGlueAPIKey ] contains a link" name="Testing the [ Built ] version of [ Celerium.ITGlue ] with [ HelpComment.Tests.ps1 ].[ Celerium.ITGlue ] module help tests.[ Get-ITGlueAPIKey ].[ Get-ITGlueAPIKey ] contains a link" time="0.0105" asserts="0" success="True" result="Success" executed="True" />
                      <test-suite type="ParameterizedTest" name="Testing the [ Built ] version of [ Celerium.ITGlue ] with [ HelpComment.Tests.ps1 ].[ Celerium.ITGlue ] module help tests.[ Get-ITGlueAPIKey ].[ Get-ITGlueAPIKey ] - Parameter has a description - [ &lt;_.name&gt; ]" executed="True" result="Success" success="True" time="0.005" asserts="0" description="[ Get-ITGlueAPIKey ] - Parameter has a description - [ &lt;_.name&gt; ]">
                        <results>
                          <test-case description="[ Get-ITGlueAPIKey ] - Parameter has a description - [ PlainText ]" name="Testing the [ Built ] version of [ Celerium.ITGlue ] with [ HelpComment.Tests.ps1 ].[ Celerium.ITGlue ] module help tests.[ Get-ITGlueAPIKey ].[ Get-ITGlueAPIKey ] - Parameter has a description - [ PlainText ]" time="0.005" asserts="0" success="True" result="Success" executed="True" />
                        </results>
                      </test-suite>
                      <test-suite type="ParameterizedTest" name="Testing the [ Built ] version of [ Celerium.ITGlue ] with [ HelpComment.Tests.ps1 ].[ Celerium.ITGlue ] module help tests.[ Get-ITGlueAPIKey ].[ Get-ITGlueAPIKey ] - Example has example code &amp; description   - [ &lt;_.title -replace '-'.''&gt; ]" executed="True" result="Success" success="True" time="0.013" asserts="0" description="[ Get-ITGlueAPIKey ] - Example has example code &amp; description   - [ &lt;_.title -replace '-'.''&gt; ]">
                        <results>
                          <test-case description="[ Get-ITGlueAPIKey ] - Example has example code &amp; description   - [  EXAMPLE 1  ]" name="Testing the [ Built ] version of [ Celerium.ITGlue ] with [ HelpComment.Tests.ps1 ].[ Celerium.ITGlue ] module help tests.[ Get-ITGlueAPIKey ].[ Get-ITGlueAPIKey ] - Example has example code &amp; description   - [  EXAMPLE 1  ]" time="0.0063" asserts="0" success="True" result="Success" executed="True" />
                          <test-case description="[ Get-ITGlueAPIKey ] - Example has example code &amp; description   - [  EXAMPLE 2  ]" name="Testing the [ Built ] version of [ Celerium.ITGlue ] with [ HelpComment.Tests.ps1 ].[ Celerium.ITGlue ] module help tests.[ Get-ITGlueAPIKey ].[ Get-ITGlueAPIKey ] - Example has example code &amp; description   - [  EXAMPLE 2  ]" time="0.0067" asserts="0" success="True" result="Success" executed="True" />
                        </results>
                      </test-suite>
                    </results>
                  </test-suite>
                </results>
              </test-suite>
              <test-suite type="TestFixture" name="Testing the [ Built ] version of [ Celerium.ITGlue ] with [ HelpComment.Tests.ps1 ].[ Celerium.ITGlue ] module help tests" executed="True" result="Ignored" success="True" time="0.5674" asserts="0" description="Testing the [ Built ] version of [ Celerium.ITGlue ] with [ HelpComment.Tests.ps1 ].[ Celerium.ITGlue ] module help tests">
                <results>
                  <test-suite type="TestFixture" name="Testing the [ Built ] version of [ Celerium.ITGlue ] with [ HelpComment.Tests.ps1 ].[ Celerium.ITGlue ] module help tests.[ Get-ITGlueBaseURI ]" executed="True" result="Ignored" success="True" time="0.0644" asserts="0" description="Testing the [ Built ] version of [ Celerium.ITGlue ] with [ HelpComment.Tests.ps1 ].[ Celerium.ITGlue ] module help tests.[ Get-ITGlueBaseURI ]">
                    <results>
                      <test-case description="[ Get-ITGlueBaseURI ] contains comment based help" name="Testing the [ Built ] version of [ Celerium.ITGlue ] with [ HelpComment.Tests.ps1 ].[ Celerium.ITGlue ] module help tests.[ Get-ITGlueBaseURI ].[ Get-ITGlueBaseURI ] contains comment based help" time="0.0066" asserts="0" success="True" result="Success" executed="True" />
                      <test-case description="[ Get-ITGlueBaseURI ] contains a synopsis" name="Testing the [ Built ] version of [ Celerium.ITGlue ] with [ HelpComment.Tests.ps1 ].[ Celerium.ITGlue ] module help tests.[ Get-ITGlueBaseURI ].[ Get-ITGlueBaseURI ] contains a synopsis" time="0.0055" asserts="0" success="True" result="Success" executed="True" />
                      <test-case description="[ Get-ITGlueBaseURI ] contains a description" name="Testing the [ Built ] version of [ Celerium.ITGlue ] with [ HelpComment.Tests.ps1 ].[ Celerium.ITGlue ] module help tests.[ Get-ITGlueBaseURI ].[ Get-ITGlueBaseURI ] contains a description" time="0.0047" asserts="0" success="True" result="Success" executed="True" />
                      <test-case description="[ Get-ITGlueBaseURI ] contains at least one usage example" name="Testing the [ Built ] version of [ Celerium.ITGlue ] with [ HelpComment.Tests.ps1 ].[ Celerium.ITGlue ] module help tests.[ Get-ITGlueBaseURI ].[ Get-ITGlueBaseURI ] contains at least one usage example" time="0.0127" asserts="0" success="True" result="Success" executed="True" />
                      <test-case description="[ Get-ITGlueBaseURI ] contains a note" name="Testing the [ Built ] version of [ Celerium.ITGlue ] with [ HelpComment.Tests.ps1 ].[ Celerium.ITGlue ] module help tests.[ Get-ITGlueBaseURI ].[ Get-ITGlueBaseURI ] contains a note" time="0.0048" asserts="0" success="True" result="Success" executed="True" />
                      <test-case description="[ Get-ITGlueBaseURI ] contains a link" name="Testing the [ Built ] version of [ Celerium.ITGlue ] with [ HelpComment.Tests.ps1 ].[ Celerium.ITGlue ] module help tests.[ Get-ITGlueBaseURI ].[ Get-ITGlueBaseURI ] contains a link" time="0.0049" asserts="0" success="True" result="Success" executed="True" />
                      <test-case description="[ Get-ITGlueBaseURI ] - Parameter has a description -" name="Testing the [ Built ] version of [ Celerium.ITGlue ] with [ HelpComment.Tests.ps1 ].[ Celerium.ITGlue ] module help tests.[ Get-ITGlueBaseURI ].[ Get-ITGlueBaseURI ] - Parameter has a description -" time="0.0088" asserts="0" success="False" result="Ignored" executed="False" />
                      <test-suite type="ParameterizedTest" name="Testing the [ Built ] version of [ Celerium.ITGlue ] with [ HelpComment.Tests.ps1 ].[ Celerium.ITGlue ] module help tests.[ Get-ITGlueBaseURI ].[ Get-ITGlueBaseURI ] - Example has example code &amp; description   - [ &lt;_.title -replace '-'.''&gt; ]" executed="True" result="Success" success="True" time="0.0066" asserts="0" description="[ Get-ITGlueBaseURI ] - Example has example code &amp; description   - [ &lt;_.title -replace '-'.''&gt; ]">
                        <results>
                          <test-case description="[ Get-ITGlueBaseURI ] - Example has example code &amp; description   - [  EXAMPLE 1  ]" name="Testing the [ Built ] version of [ Celerium.ITGlue ] with [ HelpComment.Tests.ps1 ].[ Celerium.ITGlue ] module help tests.[ Get-ITGlueBaseURI ].[ Get-ITGlueBaseURI ] - Example has example code &amp; description   - [  EXAMPLE 1  ]" time="0.0066" asserts="0" success="True" result="Success" executed="True" />
                        </results>
                      </test-suite>
                    </results>
                  </test-suite>
                </results>
              </test-suite>
              <test-suite type="TestFixture" name="Testing the [ Built ] version of [ Celerium.ITGlue ] with [ HelpComment.Tests.ps1 ].[ Celerium.ITGlue ] module help tests" executed="True" result="Success" success="True" time="0.7976" asserts="0" description="Testing the [ Built ] version of [ Celerium.ITGlue ] with [ HelpComment.Tests.ps1 ].[ Celerium.ITGlue ] module help tests">
                <results>
                  <test-suite type="TestFixture" name="Testing the [ Built ] version of [ Celerium.ITGlue ] with [ HelpComment.Tests.ps1 ].[ Celerium.ITGlue ] module help tests.[ Get-ITGlueConfiguration ]" executed="True" result="Success" success="True" time="0.2222" asserts="0" description="Testing the [ Built ] version of [ Celerium.ITGlue ] with [ HelpComment.Tests.ps1 ].[ Celerium.ITGlue ] module help tests.[ Get-ITGlueConfiguration ]">
                    <results>
                      <test-case description="[ Get-ITGlueConfiguration ] contains comment based help" name="Testing the [ Built ] version of [ Celerium.ITGlue ] with [ HelpComment.Tests.ps1 ].[ Celerium.ITGlue ] module help tests.[ Get-ITGlueConfiguration ].[ Get-ITGlueConfiguration ] contains comment based help" time="0.0124" asserts="0" success="True" result="Success" executed="True" />
                      <test-case description="[ Get-ITGlueConfiguration ] contains a synopsis" name="Testing the [ Built ] version of [ Celerium.ITGlue ] with [ HelpComment.Tests.ps1 ].[ Celerium.ITGlue ] module help tests.[ Get-ITGlueConfiguration ].[ Get-ITGlueConfiguration ] contains a synopsis" time="0.0049" asserts="0" success="True" result="Success" executed="True" />
                      <test-case description="[ Get-ITGlueConfiguration ] contains a description" name="Testing the [ Built ] version of [ Celerium.ITGlue ] with [ HelpComment.Tests.ps1 ].[ Celerium.ITGlue ] module help tests.[ Get-ITGlueConfiguration ].[ Get-ITGlueConfiguration ] contains a description" time="0.0051" asserts="0" success="True" result="Success" executed="True" />
                      <test-case description="[ Get-ITGlueConfiguration ] contains at least one usage example" name="Testing the [ Built ] version of [ Celerium.ITGlue ] with [ HelpComment.Tests.ps1 ].[ Celerium.ITGlue ] module help tests.[ Get-ITGlueConfiguration ].[ Get-ITGlueConfiguration ] contains at least one usage example" time="0.0064" asserts="0" success="True" result="Success" executed="True" />
                      <test-case description="[ Get-ITGlueConfiguration ] contains a note" name="Testing the [ Built ] version of [ Celerium.ITGlue ] with [ HelpComment.Tests.ps1 ].[ Celerium.ITGlue ] module help tests.[ Get-ITGlueConfiguration ].[ Get-ITGlueConfiguration ] contains a note" time="0.0058" asserts="0" success="True" result="Success" executed="True" />
                      <test-case description="[ Get-ITGlueConfiguration ] contains a link" name="Testing the [ Built ] version of [ Celerium.ITGlue ] with [ HelpComment.Tests.ps1 ].[ Celerium.ITGlue ] module help tests.[ Get-ITGlueConfiguration ].[ Get-ITGlueConfiguration ] contains a link" time="0.0162" asserts="0" success="True" result="Success" executed="True" />
                      <test-suite type="ParameterizedTest" name="Testing the [ Built ] version of [ Celerium.ITGlue ] with [ HelpComment.Tests.ps1 ].[ Celerium.ITGlue ] module help tests.[ Get-ITGlueConfiguration ].[ Get-ITGlueConfiguration ] - Parameter has a description - [ &lt;_.name&gt; ]" executed="True" result="Success" success="True" time="0.1323" asserts="0" description="[ Get-ITGlueConfiguration ] - Parameter has a description - [ &lt;_.name&gt; ]">
                        <results>
                          <test-case description="[ Get-ITGlueConfiguration ] - Parameter has a description - [ OrganizationID ]" name="Testing the [ Built ] version of [ Celerium.ITGlue ] with [ HelpComment.Tests.ps1 ].[ Celerium.ITGlue ] module help tests.[ Get-ITGlueConfiguration ].[ Get-ITGlueConfiguration ] - Parameter has a description - [ OrganizationID ]" time="0.0059" asserts="0" success="True" result="Success" executed="True" />
                          <test-case description="[ Get-ITGlueConfiguration ] - Parameter has a description - [ ID ]" name="Testing the [ Built ] version of [ Celerium.ITGlue ] with [ HelpComment.Tests.ps1 ].[ Celerium.ITGlue ] module help tests.[ Get-ITGlueConfiguration ].[ Get-ITGlueConfiguration ] - Parameter has a description - [ ID ]" time="0.0057" asserts="0" success="True" result="Success" executed="True" />
                          <test-case description="[ Get-ITGlueConfiguration ] - Parameter has a description - [ FilterID ]" name="Testing the [ Built ] version of [ Celerium.ITGlue ] with [ HelpComment.Tests.ps1 ].[ Celerium.ITGlue ] module help tests.[ Get-ITGlueConfiguration ].[ Get-ITGlueConfiguration ] - Parameter has a description - [ FilterID ]" time="0.0057" asserts="0" success="True" result="Success" executed="True" />
                          <test-case description="[ Get-ITGlueConfiguration ] - Parameter has a description - [ FilterName ]" name="Testing the [ Built ] version of [ Celerium.ITGlue ] with [ HelpComment.Tests.ps1 ].[ Celerium.ITGlue ] module help tests.[ Get-ITGlueConfiguration ].[ Get-ITGlueConfiguration ] - Parameter has a description - [ FilterName ]" time="0.0051" asserts="0" success="True" result="Success" executed="True" />
                          <test-case description="[ Get-ITGlueConfiguration ] - Parameter has a description - [ FilterOrganizationID ]" name="Testing the [ Built ] version of [ Celerium.ITGlue ] with [ HelpComment.Tests.ps1 ].[ Celerium.ITGlue ] module help tests.[ Get-ITGlueConfiguration ].[ Get-ITGlueConfiguration ] - Parameter has a description - [ FilterOrganizationID ]" time="0.0049" asserts="0" success="True" result="Success" executed="True" />
                          <test-case description="[ Get-ITGlueConfiguration ] - Parameter has a description - [ FilterConfigurationTypeID ]" name="Testing the [ Built ] version of [ Celerium.ITGlue ] with [ HelpComment.Tests.ps1 ].[ Celerium.ITGlue ] module help tests.[ Get-ITGlueConfiguration ].[ Get-ITGlueConfiguration ] - Parameter has a description - [ FilterConfigurationTypeID ]" time="0.0129" asserts="0" success="True" result="Success" executed="True" />
                          <test-case description="[ Get-ITGlueConfiguration ] - Parameter has a description - [ FilterConfigurationStatusID ]" name="Testing the [ Built ] version of [ Celerium.ITGlue ] with [ HelpComment.Tests.ps1 ].[ Celerium.ITGlue ] module help tests.[ Get-ITGlueConfiguration ].[ Get-ITGlueConfiguration ] - Parameter has a description - [ FilterConfigurationStatusID ]" time="0.0073" asserts="0" success="True" result="Success" executed="True" />
                          <test-case description="[ Get-ITGlueConfiguration ] - Parameter has a description - [ FilterContactID ]" name="Testing the [ Built ] version of [ Celerium.ITGlue ] with [ HelpComment.Tests.ps1 ].[ Celerium.ITGlue ] module help tests.[ Get-ITGlueConfiguration ].[ Get-ITGlueConfiguration ] - Parameter has a description - [ FilterContactID ]" time="0.0065" asserts="0" success="True" result="Success" executed="True" />
                          <test-case description="[ Get-ITGlueConfiguration ] - Parameter has a description - [ FilterSerialNumber ]" name="Testing the [ Built ] version of [ Celerium.ITGlue ] with [ HelpComment.Tests.ps1 ].[ Celerium.ITGlue ] module help tests.[ Get-ITGlueConfiguration ].[ Get-ITGlueConfiguration ] - Parameter has a description - [ FilterSerialNumber ]" time="0.0053" asserts="0" success="True" result="Success" executed="True" />
                          <test-case description="[ Get-ITGlueConfiguration ] - Parameter has a description - [ FilterMacAddress ]" name="Testing the [ Built ] version of [ Celerium.ITGlue ] with [ HelpComment.Tests.ps1 ].[ Celerium.ITGlue ] module help tests.[ Get-ITGlueConfiguration ].[ Get-ITGlueConfiguration ] - Parameter has a description - [ FilterMacAddress ]" time="0.0062" asserts="0" success="True" result="Success" executed="True" />
                          <test-case description="[ Get-ITGlueConfiguration ] - Parameter has a description - [ FilterAssetTag ]" name="Testing the [ Built ] version of [ Celerium.ITGlue ] with [ HelpComment.Tests.ps1 ].[ Celerium.ITGlue ] module help tests.[ Get-ITGlueConfiguration ].[ Get-ITGlueConfiguration ] - Parameter has a description - [ FilterAssetTag ]" time="0.0101" asserts="0" success="True" result="Success" executed="True" />
                          <test-case description="[ Get-ITGlueConfiguration ] - Parameter has a description - [ FilterPsaID ]" name="Testing the [ Built ] version of [ Celerium.ITGlue ] with [ HelpComment.Tests.ps1 ].[ Celerium.ITGlue ] module help tests.[ Get-ITGlueConfiguration ].[ Get-ITGlueConfiguration ] - Parameter has a description - [ FilterPsaID ]" time="0.0059" asserts="0" success="True" result="Success" executed="True" />
                          <test-case description="[ Get-ITGlueConfiguration ] - Parameter has a description - [ FilterPsaIntegrationType ]" name="Testing the [ Built ] version of [ Celerium.ITGlue ] with [ HelpComment.Tests.ps1 ].[ Celerium.ITGlue ] module help tests.[ Get-ITGlueConfiguration ].[ Get-ITGlueConfiguration ] - Parameter has a description - [ FilterPsaIntegrationType ]" time="0.0053" asserts="0" success="True" result="Success" executed="True" />
                          <test-case description="[ Get-ITGlueConfiguration ] - Parameter has a description - [ FilterRmmID ]" name="Testing the [ Built ] version of [ Celerium.ITGlue ] with [ HelpComment.Tests.ps1 ].[ Celerium.ITGlue ] module help tests.[ Get-ITGlueConfiguration ].[ Get-ITGlueConfiguration ] - Parameter has a description - [ FilterRmmID ]" time="0.0049" asserts="0" success="True" result="Success" executed="True" />
                          <test-case description="[ Get-ITGlueConfiguration ] - Parameter has a description - [ FilterRmmIntegrationType ]" name="Testing the [ Built ] version of [ Celerium.ITGlue ] with [ HelpComment.Tests.ps1 ].[ Celerium.ITGlue ] module help tests.[ Get-ITGlueConfiguration ].[ Get-ITGlueConfiguration ] - Parameter has a description - [ FilterRmmIntegrationType ]" time="0.0052" asserts="0" success="True" result="Success" executed="True" />
                          <test-case description="[ Get-ITGlueConfiguration ] - Parameter has a description - [ FilterArchived ]" name="Testing the [ Built ] version of [ Celerium.ITGlue ] with [ HelpComment.Tests.ps1 ].[ Celerium.ITGlue ] module help tests.[ Get-ITGlueConfiguration ].[ Get-ITGlueConfiguration ] - Parameter has a description - [ FilterArchived ]" time="0.0051" asserts="0" success="True" result="Success" executed="True" />
                          <test-case description="[ Get-ITGlueConfiguration ] - Parameter has a description - [ Sort ]" name="Testing the [ Built ] version of [ Celerium.ITGlue ] with [ HelpComment.Tests.ps1 ].[ Celerium.ITGlue ] module help tests.[ Get-ITGlueConfiguration ].[ Get-ITGlueConfiguration ] - Parameter has a description - [ Sort ]" time="0.0098" asserts="0" success="True" result="Success" executed="True" />
                          <test-case description="[ Get-ITGlueConfiguration ] - Parameter has a description - [ PageNumber ]" name="Testing the [ Built ] version of [ Celerium.ITGlue ] with [ HelpComment.Tests.ps1 ].[ Celerium.ITGlue ] module help tests.[ Get-ITGlueConfiguration ].[ Get-ITGlueConfiguration ] - Parameter has a description - [ PageNumber ]" time="0.0052" asserts="0" success="True" result="Success" executed="True" />
                          <test-case description="[ Get-ITGlueConfiguration ] - Parameter has a description - [ PageSize ]" name="Testing the [ Built ] version of [ Celerium.ITGlue ] with [ HelpComment.Tests.ps1 ].[ Celerium.ITGlue ] module help tests.[ Get-ITGlueConfiguration ].[ Get-ITGlueConfiguration ] - Parameter has a description - [ PageSize ]" time="0.005" asserts="0" success="True" result="Success" executed="True" />
                          <test-case description="[ Get-ITGlueConfiguration ] - Parameter has a description - [ Include ]" name="Testing the [ Built ] version of [ Celerium.ITGlue ] with [ HelpComment.Tests.ps1 ].[ Celerium.ITGlue ] module help tests.[ Get-ITGlueConfiguration ].[ Get-ITGlueConfiguration ] - Parameter has a description - [ Include ]" time="0.005" asserts="0" success="True" result="Success" executed="True" />
                          <test-case description="[ Get-ITGlueConfiguration ] - Parameter has a description - [ AllResults ]" name="Testing the [ Built ] version of [ Celerium.ITGlue ] with [ HelpComment.Tests.ps1 ].[ Celerium.ITGlue ] module help tests.[ Get-ITGlueConfiguration ].[ Get-ITGlueConfiguration ] - Parameter has a description - [ AllResults ]" time="0.0054" asserts="0" success="True" result="Success" executed="True" />
                        </results>
                      </test-suite>
                      <test-suite type="ParameterizedTest" name="Testing the [ Built ] version of [ Celerium.ITGlue ] with [ HelpComment.Tests.ps1 ].[ Celerium.ITGlue ] module help tests.[ Get-ITGlueConfiguration ].[ Get-ITGlueConfiguration ] - Example has example code &amp; description   - [ &lt;_.title -replace '-'.''&gt; ]" executed="True" result="Success" success="True" time="0.0241" asserts="0" description="[ Get-ITGlueConfiguration ] - Example has example code &amp; description   - [ &lt;_.title -replace '-'.''&gt; ]">
                        <results>
                          <test-case description="[ Get-ITGlueConfiguration ] - Example has example code &amp; description   - [  EXAMPLE 1  ]" name="Testing the [ Built ] version of [ Celerium.ITGlue ] with [ HelpComment.Tests.ps1 ].[ Celerium.ITGlue ] module help tests.[ Get-ITGlueConfiguration ].[ Get-ITGlueConfiguration ] - Example has example code &amp; description   - [  EXAMPLE 1  ]" time="0.0108" asserts="0" success="True" result="Success" executed="True" />
                          <test-case description="[ Get-ITGlueConfiguration ] - Example has example code &amp; description   - [  EXAMPLE 2  ]" name="Testing the [ Built ] version of [ Celerium.ITGlue ] with [ HelpComment.Tests.ps1 ].[ Celerium.ITGlue ] module help tests.[ Get-ITGlueConfiguration ].[ Get-ITGlueConfiguration ] - Example has example code &amp; description   - [  EXAMPLE 2  ]" time="0.0068" asserts="0" success="True" result="Success" executed="True" />
                          <test-case description="[ Get-ITGlueConfiguration ] - Example has example code &amp; description   - [  EXAMPLE 3  ]" name="Testing the [ Built ] version of [ Celerium.ITGlue ] with [ HelpComment.Tests.ps1 ].[ Celerium.ITGlue ] module help tests.[ Get-ITGlueConfiguration ].[ Get-ITGlueConfiguration ] - Example has example code &amp; description   - [  EXAMPLE 3  ]" time="0.0065" asserts="0" success="True" result="Success" executed="True" />
                        </results>
                      </test-suite>
                    </results>
                  </test-suite>
                </results>
              </test-suite>
              <test-suite type="TestFixture" name="Testing the [ Built ] version of [ Celerium.ITGlue ] with [ HelpComment.Tests.ps1 ].[ Celerium.ITGlue ] module help tests" executed="True" result="Success" success="True" time="0.9365" asserts="0" description="Testing the [ Built ] version of [ Celerium.ITGlue ] with [ HelpComment.Tests.ps1 ].[ Celerium.ITGlue ] module help tests">
                <results>
                  <test-suite type="TestFixture" name="Testing the [ Built ] version of [ Celerium.ITGlue ] with [ HelpComment.Tests.ps1 ].[ Celerium.ITGlue ] module help tests.[ Get-ITGlueConfigurationInterface ]" executed="True" result="Success" success="True" time="0.1311" asserts="0" description="Testing the [ Built ] version of [ Celerium.ITGlue ] with [ HelpComment.Tests.ps1 ].[ Celerium.ITGlue ] module help tests.[ Get-ITGlueConfigurationInterface ]">
                    <results>
                      <test-case description="[ Get-ITGlueConfigurationInterface ] contains comment based help" name="Testing the [ Built ] version of [ Celerium.ITGlue ] with [ HelpComment.Tests.ps1 ].[ Celerium.ITGlue ] module help tests.[ Get-ITGlueConfigurationInterface ].[ Get-ITGlueConfigurationInterface ] contains comment based help" time="0.0052" asserts="0" success="True" result="Success" executed="True" />
                      <test-case description="[ Get-ITGlueConfigurationInterface ] contains a synopsis" name="Testing the [ Built ] version of [ Celerium.ITGlue ] with [ HelpComment.Tests.ps1 ].[ Celerium.ITGlue ] module help tests.[ Get-ITGlueConfigurationInterface ].[ Get-ITGlueConfigurationInterface ] contains a synopsis" time="0.0046" asserts="0" success="True" result="Success" executed="True" />
                      <test-case description="[ Get-ITGlueConfigurationInterface ] contains a description" name="Testing the [ Built ] version of [ Celerium.ITGlue ] with [ HelpComment.Tests.ps1 ].[ Celerium.ITGlue ] module help tests.[ Get-ITGlueConfigurationInterface ].[ Get-ITGlueConfigurationInterface ] contains a description" time="0.0048" asserts="0" success="True" result="Success" executed="True" />
                      <test-case description="[ Get-ITGlueConfigurationInterface ] contains at least one usage example" name="Testing the [ Built ] version of [ Celerium.ITGlue ] with [ HelpComment.Tests.ps1 ].[ Celerium.ITGlue ] module help tests.[ Get-ITGlueConfigurationInterface ].[ Get-ITGlueConfigurationInterface ] contains at least one usage example" time="0.0064" asserts="0" success="True" result="Success" executed="True" />
                      <test-case description="[ Get-ITGlueConfigurationInterface ] contains a note" name="Testing the [ Built ] version of [ Celerium.ITGlue ] with [ HelpComment.Tests.ps1 ].[ Celerium.ITGlue ] module help tests.[ Get-ITGlueConfigurationInterface ].[ Get-ITGlueConfigurationInterface ] contains a note" time="0.0046" asserts="0" success="True" result="Success" executed="True" />
                      <test-case description="[ Get-ITGlueConfigurationInterface ] contains a link" name="Testing the [ Built ] version of [ Celerium.ITGlue ] with [ HelpComment.Tests.ps1 ].[ Celerium.ITGlue ] module help tests.[ Get-ITGlueConfigurationInterface ].[ Get-ITGlueConfigurationInterface ] contains a link" time="0.0097" asserts="0" success="True" result="Success" executed="True" />
                      <test-suite type="ParameterizedTest" name="Testing the [ Built ] version of [ Celerium.ITGlue ] with [ HelpComment.Tests.ps1 ].[ Celerium.ITGlue ] module help tests.[ Get-ITGlueConfigurationInterface ].[ Get-ITGlueConfigurationInterface ] - Parameter has a description - [ &lt;_.name&gt; ]" executed="True" result="Success" success="True" time="0.0463" asserts="0" description="[ Get-ITGlueConfigurationInterface ] - Parameter has a description - [ &lt;_.name&gt; ]">
                        <results>
                          <test-case description="[ Get-ITGlueConfigurationInterface ] - Parameter has a description - [ ConfigurationID ]" name="Testing the [ Built ] version of [ Celerium.ITGlue ] with [ HelpComment.Tests.ps1 ].[ Celerium.ITGlue ] module help tests.[ Get-ITGlueConfigurationInterface ].[ Get-ITGlueConfigurationInterface ] - Parameter has a description - [ ConfigurationID ]" time="0.005" asserts="0" success="True" result="Success" executed="True" />
                          <test-case description="[ Get-ITGlueConfigurationInterface ] - Parameter has a description - [ ID ]" name="Testing the [ Built ] version of [ Celerium.ITGlue ] with [ HelpComment.Tests.ps1 ].[ Celerium.ITGlue ] module help tests.[ Get-ITGlueConfigurationInterface ].[ Get-ITGlueConfigurationInterface ] - Parameter has a description - [ ID ]" time="0.0048" asserts="0" success="True" result="Success" executed="True" />
                          <test-case description="[ Get-ITGlueConfigurationInterface ] - Parameter has a description - [ FilterID ]" name="Testing the [ Built ] version of [ Celerium.ITGlue ] with [ HelpComment.Tests.ps1 ].[ Celerium.ITGlue ] module help tests.[ Get-ITGlueConfigurationInterface ].[ Get-ITGlueConfigurationInterface ] - Parameter has a description - [ FilterID ]" time="0.0057" asserts="0" success="True" result="Success" executed="True" />
                          <test-case description="[ Get-ITGlueConfigurationInterface ] - Parameter has a description - [ FilterIPAddress ]" name="Testing the [ Built ] version of [ Celerium.ITGlue ] with [ HelpComment.Tests.ps1 ].[ Celerium.ITGlue ] module help tests.[ Get-ITGlueConfigurationInterface ].[ Get-ITGlueConfigurationInterface ] - Parameter has a description - [ FilterIPAddress ]" time="0.0051" asserts="0" success="True" result="Success" executed="True" />
                          <test-case description="[ Get-ITGlueConfigurationInterface ] - Parameter has a description - [ Sort ]" name="Testing the [ Built ] version of [ Celerium.ITGlue ] with [ HelpComment.Tests.ps1 ].[ Celerium.ITGlue ] module help tests.[ Get-ITGlueConfigurationInterface ].[ Get-ITGlueConfigurationInterface ] - Parameter has a description - [ Sort ]" time="0.0104" asserts="0" success="True" result="Success" executed="True" />
                          <test-case description="[ Get-ITGlueConfigurationInterface ] - Parameter has a description - [ PageNumber ]" name="Testing the [ Built ] version of [ Celerium.ITGlue ] with [ HelpComment.Tests.ps1 ].[ Celerium.ITGlue ] module help tests.[ Get-ITGlueConfigurationInterface ].[ Get-ITGlueConfigurationInterface ] - Parameter has a description - [ PageNumber ]" time="0.0053" asserts="0" success="True" result="Success" executed="True" />
                          <test-case description="[ Get-ITGlueConfigurationInterface ] - Parameter has a description - [ PageSize ]" name="Testing the [ Built ] version of [ Celerium.ITGlue ] with [ HelpComment.Tests.ps1 ].[ Celerium.ITGlue ] module help tests.[ Get-ITGlueConfigurationInterface ].[ Get-ITGlueConfigurationInterface ] - Parameter has a description - [ PageSize ]" time="0.0049" asserts="0" success="True" result="Success" executed="True" />
                          <test-case description="[ Get-ITGlueConfigurationInterface ] - Parameter has a description - [ AllResults ]" name="Testing the [ Built ] version of [ Celerium.ITGlue ] with [ HelpComment.Tests.ps1 ].[ Celerium.ITGlue ] module help tests.[ Get-ITGlueConfigurationInterface ].[ Get-ITGlueConfigurationInterface ] - Parameter has a description - [ AllResults ]" time="0.0051" asserts="0" success="True" result="Success" executed="True" />
                        </results>
                      </test-suite>
                      <test-suite type="ParameterizedTest" name="Testing the [ Built ] version of [ Celerium.ITGlue ] with [ HelpComment.Tests.ps1 ].[ Celerium.ITGlue ] module help tests.[ Get-ITGlueConfigurationInterface ].[ Get-ITGlueConfigurationInterface ] - Example has example code &amp; description   - [ &lt;_.title -replace '-'.''&gt; ]" executed="True" result="Success" success="True" time="0.0325" asserts="0" description="[ Get-ITGlueConfigurationInterface ] - Example has example code &amp; description   - [ &lt;_.title -replace '-'.''&gt; ]">
                        <results>
                          <test-case description="[ Get-ITGlueConfigurationInterface ] - Example has example code &amp; description   - [  EXAMPLE 1  ]" name="Testing the [ Built ] version of [ Celerium.ITGlue ] with [ HelpComment.Tests.ps1 ].[ Celerium.ITGlue ] module help tests.[ Get-ITGlueConfigurationInterface ].[ Get-ITGlueConfigurationInterface ] - Example has example code &amp; description   - [  EXAMPLE 1  ]" time="0.0064" asserts="0" success="True" result="Success" executed="True" />
                          <test-case description="[ Get-ITGlueConfigurationInterface ] - Example has example code &amp; description   - [  EXAMPLE 2  ]" name="Testing the [ Built ] version of [ Celerium.ITGlue ] with [ HelpComment.Tests.ps1 ].[ Celerium.ITGlue ] module help tests.[ Get-ITGlueConfigurationInterface ].[ Get-ITGlueConfigurationInterface ] - Example has example code &amp; description   - [  EXAMPLE 2  ]" time="0.0126" asserts="0" success="True" result="Success" executed="True" />
                          <test-case description="[ Get-ITGlueConfigurationInterface ] - Example has example code &amp; description   - [  EXAMPLE 3  ]" name="Testing the [ Built ] version of [ Celerium.ITGlue ] with [ HelpComment.Tests.ps1 ].[ Celerium.ITGlue ] module help tests.[ Get-ITGlueConfigurationInterface ].[ Get-ITGlueConfigurationInterface ] - Example has example code &amp; description   - [  EXAMPLE 3  ]" time="0.0067" asserts="0" success="True" result="Success" executed="True" />
                          <test-case description="[ Get-ITGlueConfigurationInterface ] - Example has example code &amp; description   - [  EXAMPLE 4  ]" name="Testing the [ Built ] version of [ Celerium.ITGlue ] with [ HelpComment.Tests.ps1 ].[ Celerium.ITGlue ] module help tests.[ Get-ITGlueConfigurationInterface ].[ Get-ITGlueConfigurationInterface ] - Example has example code &amp; description   - [  EXAMPLE 4  ]" time="0.0067" asserts="0" success="True" result="Success" executed="True" />
                        </results>
                      </test-suite>
                    </results>
                  </test-suite>
                </results>
              </test-suite>
              <test-suite type="TestFixture" name="Testing the [ Built ] version of [ Celerium.ITGlue ] with [ HelpComment.Tests.ps1 ].[ Celerium.ITGlue ] module help tests" executed="True" result="Success" success="True" time="1.0579" asserts="0" description="Testing the [ Built ] version of [ Celerium.ITGlue ] with [ HelpComment.Tests.ps1 ].[ Celerium.ITGlue ] module help tests">
                <results>
                  <test-suite type="TestFixture" name="Testing the [ Built ] version of [ Celerium.ITGlue ] with [ HelpComment.Tests.ps1 ].[ Celerium.ITGlue ] module help tests.[ Get-ITGlueConfigurationStatus ]" executed="True" result="Success" success="True" time="0.1133" asserts="0" description="Testing the [ Built ] version of [ Celerium.ITGlue ] with [ HelpComment.Tests.ps1 ].[ Celerium.ITGlue ] module help tests.[ Get-ITGlueConfigurationStatus ]">
                    <results>
                      <test-case description="[ Get-ITGlueConfigurationStatus ] contains comment based help" name="Testing the [ Built ] version of [ Celerium.ITGlue ] with [ HelpComment.Tests.ps1 ].[ Celerium.ITGlue ] module help tests.[ Get-ITGlueConfigurationStatus ].[ Get-ITGlueConfigurationStatus ] contains comment based help" time="0.0052" asserts="0" success="True" result="Success" executed="True" />
                      <test-case description="[ Get-ITGlueConfigurationStatus ] contains a synopsis" name="Testing the [ Built ] version of [ Celerium.ITGlue ] with [ HelpComment.Tests.ps1 ].[ Celerium.ITGlue ] module help tests.[ Get-ITGlueConfigurationStatus ].[ Get-ITGlueConfigurationStatus ] contains a synopsis" time="0.0052" asserts="0" success="True" result="Success" executed="True" />
                      <test-case description="[ Get-ITGlueConfigurationStatus ] contains a description" name="Testing the [ Built ] version of [ Celerium.ITGlue ] with [ HelpComment.Tests.ps1 ].[ Celerium.ITGlue ] module help tests.[ Get-ITGlueConfigurationStatus ].[ Get-ITGlueConfigurationStatus ] contains a description" time="0.0049" asserts="0" success="True" result="Success" executed="True" />
                      <test-case description="[ Get-ITGlueConfigurationStatus ] contains at least one usage example" name="Testing the [ Built ] version of [ Celerium.ITGlue ] with [ HelpComment.Tests.ps1 ].[ Celerium.ITGlue ] module help tests.[ Get-ITGlueConfigurationStatus ].[ Get-ITGlueConfigurationStatus ] contains at least one usage example" time="0.0062" asserts="0" success="True" result="Success" executed="True" />
                      <test-case description="[ Get-ITGlueConfigurationStatus ] contains a note" name="Testing the [ Built ] version of [ Celerium.ITGlue ] with [ HelpComment.Tests.ps1 ].[ Celerium.ITGlue ] module help tests.[ Get-ITGlueConfigurationStatus ].[ Get-ITGlueConfigurationStatus ] contains a note" time="0.0051" asserts="0" success="True" result="Success" executed="True" />
                      <test-case description="[ Get-ITGlueConfigurationStatus ] contains a link" name="Testing the [ Built ] version of [ Celerium.ITGlue ] with [ HelpComment.Tests.ps1 ].[ Celerium.ITGlue ] module help tests.[ Get-ITGlueConfigurationStatus ].[ Get-ITGlueConfigurationStatus ] contains a link" time="0.0101" asserts="0" success="True" result="Success" executed="True" />
                      <test-suite type="ParameterizedTest" name="Testing the [ Built ] version of [ Celerium.ITGlue ] with [ HelpComment.Tests.ps1 ].[ Celerium.ITGlue ] module help tests.[ Get-ITGlueConfigurationStatus ].[ Get-ITGlueConfigurationStatus ] - Parameter has a description - [ &lt;_.name&gt; ]" executed="True" result="Success" success="True" time="0.0362" asserts="0" description="[ Get-ITGlueConfigurationStatus ] - Parameter has a description - [ &lt;_.name&gt; ]">
                        <results>
                          <test-case description="[ Get-ITGlueConfigurationStatus ] - Parameter has a description - [ FilterName ]" name="Testing the [ Built ] version of [ Celerium.ITGlue ] with [ HelpComment.Tests.ps1 ].[ Celerium.ITGlue ] module help tests.[ Get-ITGlueConfigurationStatus ].[ Get-ITGlueConfigurationStatus ] - Parameter has a description - [ FilterName ]" time="0.0052" asserts="0" success="True" result="Success" executed="True" />
                          <test-case description="[ Get-ITGlueConfigurationStatus ] - Parameter has a description - [ Sort ]" name="Testing the [ Built ] version of [ Celerium.ITGlue ] with [ HelpComment.Tests.ps1 ].[ Celerium.ITGlue ] module help tests.[ Get-ITGlueConfigurationStatus ].[ Get-ITGlueConfigurationStatus ] - Parameter has a description - [ Sort ]" time="0.0052" asserts="0" success="True" result="Success" executed="True" />
[...]
                <results>
                  <test-case description="[ Add-ITGlueBaseURI ] should have an alias of [ Set-ITGlueBaseURI ]" name="Testing [ Add-ITGlueBaseURI ] functions with [ Add-ITGlueBaseURI.Tests.ps1 ].[ Add-ITGlueBaseURI ] testing functions.[ Add-ITGlueBaseURI ] should have an alias of [ Set-ITGlueBaseURI ]" time="0.0056" asserts="0" success="True" result="Success" executed="True" />
                  <test-case description="Without parameters should return the default URI" name="Testing [ Add-ITGlueBaseURI ] functions with [ Add-ITGlueBaseURI.Tests.ps1 ].[ Add-ITGlueBaseURI ] testing functions.Without parameters should return the default URI" time="0.0082" asserts="0" success="True" result="Success" executed="True" />
                  <test-case description="Should accept a value from the pipeline" name="Testing [ Add-ITGlueBaseURI ] functions with [ Add-ITGlueBaseURI.Tests.ps1 ].[ Add-ITGlueBaseURI ] testing functions.Should accept a value from the pipeline" time="0.0083" asserts="0" success="True" result="Success" executed="True" />
                  <test-case description="With parameter -BaseUri  should return what was inputted" name="Testing [ Add-ITGlueBaseURI ] functions with [ Add-ITGlueBaseURI.Tests.ps1 ].[ Add-ITGlueBaseURI ] testing functions.With parameter -BaseUri  should return what was inputted" time="0.0071" asserts="0" success="True" result="Success" executed="True" />
                  <test-case description="With parameter -DataCenter US should return the default URI" name="Testing [ Add-ITGlueBaseURI ] functions with [ Add-ITGlueBaseURI.Tests.ps1 ].[ Add-ITGlueBaseURI ] testing functions.With parameter -DataCenter US should return the default URI" time="0.0073" asserts="0" success="True" result="Success" executed="True" />
                  <test-case description="With parameter -DataCenter EU should return the default URI" name="Testing [ Add-ITGlueBaseURI ] functions with [ Add-ITGlueBaseURI.Tests.ps1 ].[ Add-ITGlueBaseURI ] testing functions.With parameter -DataCenter EU should return the default URI" time="0.0099" asserts="0" success="True" result="Success" executed="True" />
                  <test-case description="With parameter -DataCenter AU should return the default URI" name="Testing [ Add-ITGlueBaseURI ] functions with [ Add-ITGlueBaseURI.Tests.ps1 ].[ Add-ITGlueBaseURI ] testing functions.With parameter -DataCenter AU should return the default URI" time="0.0092" asserts="0" success="True" result="Success" executed="True" />
                  <test-case description="With invalid parameter value -DataCenter Space should return an error" name="Testing [ Add-ITGlueBaseURI ] functions with [ Add-ITGlueBaseURI.Tests.ps1 ].[ Add-ITGlueBaseURI ] testing functions.With invalid parameter value -DataCenter Space should return an error" time="0.0073" asserts="0" success="True" result="Success" executed="True" />
                  <test-case description="The default URI should NOT contain a trailing forward slash" name="Testing [ Add-ITGlueBaseURI ] functions with [ Add-ITGlueBaseURI.Tests.ps1 ].[ Add-ITGlueBaseURI ] testing functions.The default URI should NOT contain a trailing forward slash" time="0.0059" asserts="0" success="True" result="Success" executed="True" />
                  <test-case description="A custom URI should NOT contain a trailing forward slash" name="Testing [ Add-ITGlueBaseURI ] functions with [ Add-ITGlueBaseURI.Tests.ps1 ].[ Add-ITGlueBaseURI ] testing functions.A custom URI should NOT contain a trailing forward slash" time="0.0059" asserts="0" success="True" result="Success" executed="True" />
                </results>
              </test-suite>
            </results>
          </test-suite>
        </results>
      </test-suite>
      <test-suite type="TestFixture" name="C:\Celerium\Projects\_API\Celerium.ITGlue\tests\Private\baseUri\Get-ITGlueBaseURI.Tests.ps1" executed="True" result="Success" success="True" time="0.155" asserts="0" description="C:\Celerium\Projects\_API\Celerium.ITGlue\tests\Private\baseUri\Get-ITGlueBaseURI.Tests.ps1">
        <results>
          <test-suite type="TestFixture" name="Testing [ Get-ITGlueBaseURI ] function with [ Get-ITGlueBaseURI.Tests.ps1 ]" executed="True" result="Success" success="True" time="0.0503" asserts="0" description="Testing [ Get-ITGlueBaseURI ] function with [ Get-ITGlueBaseURI.Tests.ps1 ]">
            <results>
              <test-suite type="TestFixture" name="Testing [ Get-ITGlueBaseURI ] function with [ Get-ITGlueBaseURI.Tests.ps1 ].[ Get-ITGlueBaseURI ] testing function" executed="True" result="Success" success="True" time="0.0427" asserts="0" description="Testing [ Get-ITGlueBaseURI ] function with [ Get-ITGlueBaseURI.Tests.ps1 ].[ Get-ITGlueBaseURI ] testing function">
                <results>
                  <test-case description="The default URI should be returned" name="Testing [ Get-ITGlueBaseURI ] function with [ Get-ITGlueBaseURI.Tests.ps1 ].[ Get-ITGlueBaseURI ] testing function.The default URI should be returned" time="0.0074" asserts="0" success="True" result="Success" executed="True" />
                  <test-case description="The URI should be a string" name="Testing [ Get-ITGlueBaseURI ] function with [ Get-ITGlueBaseURI.Tests.ps1 ].[ Get-ITGlueBaseURI ] testing function.The URI should be a string" time="0.0083" asserts="0" success="True" result="Success" executed="True" />
                  <test-case description="The default URI should NOT contain a trailing forward slash" name="Testing [ Get-ITGlueBaseURI ] function with [ Get-ITGlueBaseURI.Tests.ps1 ].[ Get-ITGlueBaseURI ] testing function.The default URI should NOT contain a trailing forward slash" time="0.0064" asserts="0" success="True" result="Success" executed="True" />
                  <test-case description="A custom URI should NOT contain a trailing forward slash" name="Testing [ Get-ITGlueBaseURI ] function with [ Get-ITGlueBaseURI.Tests.ps1 ].[ Get-ITGlueBaseURI ] testing function.A custom URI should NOT contain a trailing forward slash" time="0.0056" asserts="0" success="True" result="Success" executed="True" />
                  <test-case description="If the baseUri is not set a warning should be thrown" name="Testing [ Get-ITGlueBaseURI ] function with [ Get-ITGlueBaseURI.Tests.ps1 ].[ Get-ITGlueBaseURI ] testing function.If the baseUri is not set a warning should be thrown" time="0.0057" asserts="0" success="True" result="Success" executed="True" />
                </results>
              </test-suite>
            </results>
          </test-suite>
        </results>
      </test-suite>
      <test-suite type="TestFixture" name="C:\Celerium\Projects\_API\Celerium.ITGlue\tests\Private\baseUri\Remove-ITGlueBaseURI.Tests.ps1" executed="True" result="Success" success="True" time="0.1237" asserts="0" description="C:\Celerium\Projects\_API\Celerium.ITGlue\tests\Private\baseUri\Remove-ITGlueBaseURI.Tests.ps1">
        <results>
          <test-suite type="TestFixture" name="Testing [ Remove-ITGlueBaseURI ] function with [ Remove-ITGlueBaseURI.Tests.ps1 ]" executed="True" result="Success" success="True" time="0.0292" asserts="0" description="Testing [ Remove-ITGlueBaseURI ] function with [ Remove-ITGlueBaseURI.Tests.ps1 ]">
            <results>
              <test-suite type="TestFixture" name="Testing [ Remove-ITGlueBaseURI ] function with [ Remove-ITGlueBaseURI.Tests.ps1 ].[ Remove-ITGlueBaseURI ] testing function" executed="True" result="Success" success="True" time="0.0205" asserts="0" description="Testing [ Remove-ITGlueBaseURI ] function with [ Remove-ITGlueBaseURI.Tests.ps1 ].[ Remove-ITGlueBaseURI ] testing function">
                <results>
                  <test-case description="The baseUri variable should not longer exist" name="Testing [ Remove-ITGlueBaseURI ] function with [ Remove-ITGlueBaseURI.Tests.ps1 ].[ Remove-ITGlueBaseURI ] testing function.The baseUri variable should not longer exist" time="0.006" asserts="0" success="True" result="Success" executed="True" />
                  <test-case description="If the baseUri is already gone a warning should be thrown" name="Testing [ Remove-ITGlueBaseURI ] function with [ Remove-ITGlueBaseURI.Tests.ps1 ].[ Remove-ITGlueBaseURI ] testing function.If the baseUri is already gone a warning should be thrown" time="0.006" asserts="0" success="True" result="Success" executed="True" />
                </results>
              </test-suite>
            </results>
          </test-suite>
        </results>
      </test-suite>
      <test-suite type="TestFixture" name="C:\Celerium\Projects\_API\Celerium.ITGlue\tests\Private\moduleSettings\Export-ITGlueModuleSetting.Tests.ps1" executed="True" result="Success" success="True" time="0.1947" asserts="0" description="C:\Celerium\Projects\_API\Celerium.ITGlue\tests\Private\moduleSettings\Export-ITGlueModuleSetting.Tests.ps1">
        <results>
          <test-suite type="TestFixture" name="Testing [ Export-ITGlueModuleSetting ] function with [ Export-ITGlueModuleSetting.Tests.ps1 ]" executed="True" result="Success" success="True" time="0.0934" asserts="0" description="Testing [ Export-ITGlueModuleSetting ] function with [ Export-ITGlueModuleSetting.Tests.ps1 ]">
            <results>
              <test-suite type="TestFixture" name="Testing [ Export-ITGlueModuleSetting ] function with [ Export-ITGlueModuleSetting.Tests.ps1 ].[ Export-ITGlueModuleSetting ] testing function" executed="True" result="Success" success="True" time="0.0849" asserts="0" description="Testing [ Export-ITGlueModuleSetting ] function with [ Export-ITGlueModuleSetting.Tests.ps1 ].[ Export-ITGlueModuleSetting ] testing function">
                <results>
                  <test-case description="Should export successfully" name="Testing [ Export-ITGlueModuleSetting ] function with [ Export-ITGlueModuleSetting.Tests.ps1 ].[ Export-ITGlueModuleSetting ] testing function.Should export successfully" time="0.0151" asserts="0" success="True" result="Success" executed="True" />
                  <test-case description="Configuration directory should be hidden" name="Testing [ Export-ITGlueModuleSetting ] function with [ Export-ITGlueModuleSetting.Tests.ps1 ].[ Export-ITGlueModuleSetting ] testing function.Configuration directory should be hidden" time="0.0331" asserts="0" success="True" result="Success" executed="True" />
                  <test-case description="Configuration file should contain required values" name="Testing [ Export-ITGlueModuleSetting ] function with [ Export-ITGlueModuleSetting.Tests.ps1 ].[ Export-ITGlueModuleSetting ] testing function.Configuration file should contain required values" time="0.0277" asserts="0" success="True" result="Success" executed="True" />
                </results>
              </test-suite>
            </results>
          </test-suite>
        </results>
      </test-suite>
      <test-suite type="TestFixture" name="C:\Celerium\Projects\_API\Celerium.ITGlue\tests\Private\moduleSettings\Get-ITGlueModuleSetting.Tests.ps1" executed="True" result="Success" success="True" time="0.2371" asserts="0" description="C:\Celerium\Projects\_API\Celerium.ITGlue\tests\Private\moduleSettings\Get-ITGlueModuleSetting.Tests.ps1">
        <results>
          <test-suite type="TestFixture" name="Testing [ Get-ITGlueModuleSetting ] function with [ Get-ITGlueModuleSetting.Tests.ps1 ]" executed="True" result="Success" success="True" time="0.0817" asserts="0" description="Testing [ Get-ITGlueModuleSetting ] function with [ Get-ITGlueModuleSetting.Tests.ps1 ]">
            <results>
              <test-suite type="TestFixture" name="Testing [ Get-ITGlueModuleSetting ] function with [ Get-ITGlueModuleSetting.Tests.ps1 ].[ Get-ITGlueModuleSetting ] testing function" executed="True" result="Success" success="True" time="0.0731" asserts="0" description="Testing [ Get-ITGlueModuleSetting ] function with [ Get-ITGlueModuleSetting.Tests.ps1 ].[ Get-ITGlueModuleSetting ] testing function">
                <results>
                  <test-case description="Configuration directory should be hidden" name="Testing [ Get-ITGlueModuleSetting ] function with [ Get-ITGlueModuleSetting.Tests.ps1 ].[ Get-ITGlueModuleSetting ] testing function.Configuration directory should be hidden" time="0.0121" asserts="0" success="True" result="Success" executed="True" />
                  <test-case description="Configuration file should contain required values" name="Testing [ Get-ITGlueModuleSetting ] function with [ Get-ITGlueModuleSetting.Tests.ps1 ].[ Get-ITGlueModuleSetting ] testing function.Configuration file should contain required values" time="0.0523" asserts="0" success="True" result="Success" executed="True" />
                </results>
              </test-suite>
            </results>
          </test-suite>
        </results>
      </test-suite>
      <test-suite type="TestFixture" name="C:\Celerium\Projects\_API\Celerium.ITGlue\tests\Private\moduleSettings\Import-ITGlueModuleSetting.Tests.ps1" executed="True" result="Success" success="True" time="0.2789" asserts="0" description="C:\Celerium\Projects\_API\Celerium.ITGlue\tests\Private\moduleSettings\Import-ITGlueModuleSetting.Tests.ps1">
        <results>
          <test-suite type="TestFixture" name="Testing [ Import-ITGlueModuleSetting ] function with [ Import-ITGlueModuleSetting.Tests.ps1 ]" executed="True" result="Success" success="True" time="0.1455" asserts="0" description="Testing [ Import-ITGlueModuleSetting ] function with [ Import-ITGlueModuleSetting.Tests.ps1 ]">
            <results>
              <test-suite type="TestFixture" name="Testing [ Import-ITGlueModuleSetting ] function with [ Import-ITGlueModuleSetting.Tests.ps1 ].[ Import-ITGlueModuleSetting ] testing function" executed="True" result="Success" success="True" time="0.1297" asserts="0" description="Testing [ Import-ITGlueModuleSetting ] function with [ Import-ITGlueModuleSetting.Tests.ps1 ].[ Import-ITGlueModuleSetting ] testing function">
                <results>
                  <test-case description="No configuration should populate baseline variables" name="Testing [ Import-ITGlueModuleSetting ] function with [ Import-ITGlueModuleSetting.Tests.ps1 ].[ Import-ITGlueModuleSetting ] testing function.No configuration should populate baseline variables" time="0.0149" asserts="0" success="True" result="Success" executed="True" />
                  <test-case description="Saved configuration session should contain required variables" name="Testing [ Import-ITGlueModuleSetting ] function with [ Import-ITGlueModuleSetting.Tests.ps1 ].[ Import-ITGlueModuleSetting ] testing function.Saved configuration session should contain required variables" time="0.0477" asserts="0" success="True" result="Success" executed="True" />
                  <test-case description="Saved configuration session should NOT contain temp variables" name="Testing [ Import-ITGlueModuleSetting ] function with [ Import-ITGlueModuleSetting.Tests.ps1 ].[ Import-ITGlueModuleSetting ] testing function.Saved configuration session should NOT contain temp variables" time="0.0442" asserts="0" success="True" result="Success" executed="True" />
                </results>
              </test-suite>
            </results>
          </test-suite>
        </results>
      </test-suite>
      <test-suite type="TestFixture" name="C:\Celerium\Projects\_API\Celerium.ITGlue\tests\Private\moduleSettings\Initialize-ITGlueModuleSetting.Tests.ps1" executed="True" result="Success" success="True" time="0.2204" asserts="0" description="C:\Celerium\Projects\_API\Celerium.ITGlue\tests\Private\moduleSettings\Initialize-ITGlueModuleSetting.Tests.ps1">
        <results>
          <test-suite type="TestFixture" name="Testing [ Initialize-ITGlueModuleSetting ] function with [ Initialize-ITGlueModuleSetting.Tests.ps1 ]" executed="True" result="Success" success="True" time="0.1021" asserts="0" description="Testing [ Initialize-ITGlueModuleSetting ] function with [ Initialize-ITGlueModuleSetting.Tests.ps1 ]">
            <results>
              <test-suite type="TestFixture" name="Testing [ Initialize-ITGlueModuleSetting ] function with [ Initialize-ITGlueModuleSetting.Tests.ps1 ].[ Initialize-ITGlueModuleSetting ] testing function" executed="True" result="Success" success="True" time="0.094" asserts="0" description="Testing [ Initialize-ITGlueModuleSetting ] function with [ Initialize-ITGlueModuleSetting.Tests.ps1 ].[ Initialize-ITGlueModuleSetting ] testing function">
                <results>
                  <test-case description="When imported WITHOUT a saved configuration baseline variables should exist" name="Testing [ Initialize-ITGlueModuleSetting ] function with [ Initialize-ITGlueModuleSetting.Tests.ps1 ].[ Initialize-ITGlueModuleSetting ] testing function.When imported WITHOUT a saved configuration baseline variables should exist" time="0.0252" asserts="0" success="True" result="Success" executed="True" />
                  <test-case description="When imported WITh a saved configuration baseline variables should exist" name="Testing [ Initialize-ITGlueModuleSetting ] function with [ Initialize-ITGlueModuleSetting.Tests.ps1 ].[ Initialize-ITGlueModuleSetting ] testing function.When imported WITh a saved configuration baseline variables should exist" time="0.0548" asserts="0" success="True" result="Success" executed="True" />
                </results>
              </test-suite>
            </results>
          </test-suite>
        </results>
      </test-suite>
      <test-suite type="TestFixture" name="C:\Celerium\Projects\_API\Celerium.ITGlue\tests\Private\moduleSettings\Remove-ITGlueModuleSetting.Tests.ps1" executed="True" result="Success" success="True" time="0.1866" asserts="0" description="C:\Celerium\Projects\_API\Celerium.ITGlue\tests\Private\moduleSettings\Remove-ITGlueModuleSetting.Tests.ps1">
        <results>
          <test-suite type="TestFixture" name="Testing [ Remove-ITGlueModuleSetting ] function with [ Remove-ITGlueModuleSetting.Tests.ps1 ]" executed="True" result="Success" success="True" time="0.0673" asserts="0" description="Testing [ Remove-ITGlueModuleSetting ] function with [ Remove-ITGlueModuleSetting.Tests.ps1 ]">
            <results>
              <test-suite type="TestFixture" name="Testing [ Remove-ITGlueModuleSetting ] function with [ Remove-ITGlueModuleSetting.Tests.ps1 ].[ Remove-ITGlueModuleSetting ] testing function" executed="True" result="Success" success="True" time="0.0541" asserts="0" description="Testing [ Remove-ITGlueModuleSetting ] function with [ Remove-ITGlueModuleSetting.Tests.ps1 ].[ Remove-ITGlueModuleSetting ] testing function">
                <results>
                  <test-case description="No configuration should throw a warning" name="Testing [ Remove-ITGlueModuleSetting ] function with [ Remove-ITGlueModuleSetting.Tests.ps1 ].[ Remove-ITGlueModuleSetting ] testing function.No configuration should throw a warning" time="0.0066" asserts="0" success="True" result="Success" executed="True" />
                  <test-case description="Saved configuration should be removed" name="Testing [ Remove-ITGlueModuleSetting ] function with [ Remove-ITGlueModuleSetting.Tests.ps1 ].[ Remove-ITGlueModuleSetting ] testing function.Saved configuration should be removed" time="0.0219" asserts="0" success="True" result="Success" executed="True" />
                  <test-case description="Saved configuration &amp; variables should be removed" name="Testing [ Remove-ITGlueModuleSetting ] function with [ Remove-ITGlueModuleSetting.Tests.ps1 ].[ Remove-ITGlueModuleSetting ] testing function.Saved configuration &amp; variables should be removed" time="0.0171" asserts="0" success="True" result="Success" executed="True" />
                </results>
              </test-suite>
            </results>
          </test-suite>
        </results>
      </test-suite>
    </results>
  </test-suite>
</test-results>